Log file open, 01/23/20 21:43:56
LogWindows: Failed to load 'aqProf.dll' (GetLastError=126)
LogWindows: File 'aqProf.dll' does not exist
LogWindows: Failed to load 'VtuneApi.dll' (GetLastError=126)
LogWindows: File 'VtuneApi.dll' does not exist
LogWindows: Failed to load 'VtuneApi32e.dll' (GetLastError=126)
LogWindows: File 'VtuneApi32e.dll' does not exist
LogConsoleResponse: Display: Failed to find resolution value strings in scalability ini. Falling back to default.
LogInit: Display: Running engine for game: Levelel1JakubMucha
LogPlatformFile: Not using cached read wrapper
LogTaskGraph: Started task graph with 5 named threads and 14 total threads with 3 sets of task threads.
LogStats: Stats thread started at 0.498098
LogD3D11RHI: Loaded GFSDK_Aftermath_Lib.x64.dll
LogICUInternationalization: ICU TimeZone Detection - Raw Offset: +1:00, Platform Override: ''
LogPluginManager: Mounting plugin Paper2D
LogPluginManager: Mounting plugin AISupport
LogPluginManager: Mounting plugin LightPropagationVolume
LogPluginManager: Mounting plugin ActorLayerUtilities
LogPluginManager: Mounting plugin AnimationSharing
LogPluginManager: Mounting plugin CLionSourceCodeAccess
LogPluginManager: Mounting plugin CodeLiteSourceCodeAccess
LogPluginManager: Mounting plugin GitSourceControl
LogPluginManager: Mounting plugin KDevelopSourceCodeAccess
LogPluginManager: Mounting plugin NullSourceCodeAccess
LogPluginManager: Mounting plugin PerforceSourceControl
LogPluginManager: Mounting plugin SubversionSourceControl
LogPluginManager: Mounting plugin UObjectPlugin
LogPluginManager: Mounting plugin VisualStudioCodeSourceCodeAccess
LogPluginManager: Mounting plugin VisualStudioSourceCodeAccess
LogPluginManager: Mounting plugin XCodeSourceCodeAccess
LogPluginManager: Mounting plugin AssetManagerEditor
LogPluginManager: Mounting plugin CryptoKeys
LogPluginManager: Mounting plugin CurveEditorTools
LogPluginManager: Mounting plugin DataValidation
LogPluginManager: Mounting plugin EditorScriptingUtilities
LogPluginManager: Mounting plugin FacialAnimation
LogPluginManager: Mounting plugin GameplayTagsEditor
LogPluginManager: Mounting plugin GLTFImporter
LogPluginManager: Mounting plugin MacGraphicsSwitching
LogPluginManager: Mounting plugin MaterialAnalyzer
LogPluginManager: Mounting plugin MeshEditor
LogPluginManager: Mounting plugin MobileLauncherProfileWizard
LogPluginManager: Mounting plugin PluginBrowser
LogPluginManager: Mounting plugin SpeedTreeImporter
LogPluginManager: Mounting plugin DatasmithContent
LogPluginManager: Mounting plugin VariantManagerContent
LogPluginManager: Mounting plugin AlembicImporter
LogPluginManager: Mounting plugin AutomationUtils
LogPluginManager: Mounting plugin BackChannel
LogPluginManager: Mounting plugin BlastPlugin
LogPluginManager: Mounting plugin ChaosSolverPlugin
LogPluginManager: Mounting plugin CharacterAI
LogPluginManager: Mounting plugin DataPrepEditor
LogPluginManager: Mounting plugin GeometryCache
LogPluginManager: Mounting plugin GeometryCollectionPlugin
LogPluginManager: Mounting plugin HTML5Networking
LogPluginManager: Mounting plugin PlatformCrypto
LogPluginManager: Mounting plugin ProxyLODPlugin
LogPluginManager: Mounting plugin SkeletalReduction
LogPluginManager: Mounting plugin MagicLeap
LogPluginManager: Mounting plugin MagicLeapMedia
LogPluginManager: Mounting plugin AndroidMedia
LogPluginManager: Mounting plugin AvfMedia
LogPluginManager: Mounting plugin ImgMedia
LogPluginManager: Mounting plugin MediaCompositing
LogPluginManager: Mounting plugin MediaPlayerEditor
LogPluginManager: Mounting plugin WebMMedia
LogPluginManager: Mounting plugin WmfMedia
LogPluginManager: Mounting plugin TcpMessaging
LogPluginManager: Mounting plugin UdpMessaging
LogPluginManager: Mounting plugin ActorSequence
LogPluginManager: Mounting plugin LevelSequenceEditor
LogPluginManager: Mounting plugin MatineeToLevelSequence
LogPluginManager: Mounting plugin NetcodeUnitTest
LogPluginManager: Mounting plugin NUTUnrealEngine4
LogPluginManager: Mounting plugin OnlineSubsystemGooglePlay
LogPluginManager: Mounting plugin OnlineSubsystemIOS
LogPluginManager: Mounting plugin OnlineSubsystem
LogPluginManager: Mounting plugin OnlineSubsystemNull
LogPluginManager: Mounting plugin OnlineSubsystemUtils
LogPluginManager: Mounting plugin LauncherChunkInstaller
LogPluginManager: Mounting plugin AndroidDeviceProfileSelector
LogPluginManager: Mounting plugin AndroidMoviePlayer
LogPluginManager: Mounting plugin AndroidPermission
LogPluginManager: Mounting plugin AppleImageUtils
LogPluginManager: Mounting plugin AppleMoviePlayer
LogPluginManager: Mounting plugin ArchVisCharacter
LogPluginManager: Mounting plugin AudioCapture
LogPluginManager: Mounting plugin CableComponent
LogPluginManager: Mounting plugin CustomMeshComponent
LogPluginManager: Mounting plugin EditableMesh
LogPluginManager: Mounting plugin ExampleDeviceProfileSelector
LogPluginManager: Mounting plugin GoogleCloudMessaging
LogPluginManager: Mounting plugin IOSDeviceProfileSelector
LogPluginManager: Mounting plugin LinuxDeviceProfileSelector
LogPluginManager: Mounting plugin LocationServicesBPLibrary
LogPluginManager: Mounting plugin MobilePatchingUtils
LogPluginManager: Mounting plugin OculusVR
LogPluginManager: Mounting plugin PhysXVehicles
LogPluginManager: Mounting plugin ProceduralMeshComponent
LogPluginManager: Mounting plugin RuntimePhysXCooking
LogPluginManager: Mounting plugin SignificanceManager
LogPluginManager: Mounting plugin SteamVR
LogPluginManager: Mounting plugin WebMMoviePlayer
LogPluginManager: Mounting plugin WindowsMoviePlayer
LogPluginManager: Mounting plugin ScreenshotTools
LogPluginManager: Mounting plugin DatasmithC4DImporter
LogPluginManager: Mounting plugin DatasmithCADImporter
LogPluginManager: Mounting plugin DatasmithFBXImporter
LogPluginManager: Mounting plugin DatasmithGLTFImporter
LogPluginManager: Mounting plugin DatasmithIFCImporter
LogPluginManager: Mounting plugin DatasmithImporter
LogPluginManager: Mounting plugin MDLImporter
LogPluginManager: Mounting plugin StaticMeshEditorExtension
LogPluginManager: Mounting plugin VariantManager
LogInit: Using libcurl 7.55.1-DEV
LogInit:  - built for x86_64-pc-win32
LogInit:  - supports SSL with OpenSSL/1.1.1
LogInit:  - supports HTTP deflate (compression) using libz 1.2.8
LogInit:  - other features:
LogInit:      CURL_VERSION_SSL
LogInit:      CURL_VERSION_LIBZ
LogInit:      CURL_VERSION_IPV6
LogInit:      CURL_VERSION_ASYNCHDNS
LogInit:      CURL_VERSION_LARGEFILE
LogInit:      CURL_VERSION_IDN
LogInit:  CurlRequestOptions (configurable via config and command line):
LogInit:  - bVerifyPeer = true  - Libcurl will verify peer certificate
LogInit:  - bUseHttpProxy = false  - Libcurl will NOT use HTTP proxy
LogInit:  - bDontReuseConnections = false  - Libcurl will reuse connections
LogInit:  - MaxHostConnections = 16  - Libcurl will limit the number of connections to a host
LogInit:  - LocalHostAddr = Default
LogInit:  - BufferSize = 65536
LogOnline: OSS: Creating online subsystem instance for: NULL
LogInit: WinSock: version 1.1 (2.2), MaxSocks=32767, MaxUdp=65467
LogInit: Build: ++UE4+Release-4.23-CL-9631420
LogInit: Engine Version: 4.23.1-9631420+++UE4+Release-4.23
LogInit: Compatible Engine Version: 4.23.0-8386587+++UE4+Release-4.23
LogInit: Net CL: 8386587
LogInit: OS: Windows 10 (Release 1809) (), CPU:         Intel(R) Core(TM) i5-2500 CPU @ 3.30GHz, GPU: NVIDIA GeForce GTX 1050
LogInit: Compiled (64-bit): Oct 18 2019 02:07:44
LogInit: Compiled with Visual C++: 19.16.27030.01
LogInit: Build Configuration: Development
LogInit: Branch Name: ++UE4+Release-4.23
LogInit: Command Line: 
LogInit: Base Directory: E:/UnrealEngine/UE_4.23/Engine/Binaries/Win64/
LogInit: Installed Engine Build: 1
LogDevObjectVersion: Number of dev versions registered: 23
LogDevObjectVersion:   Dev-Blueprints (B0D832E4-1F89-4F0D-ACCF-7EB736FD4AA2): 10
LogDevObjectVersion:   Dev-Build (E1C64328-A22C-4D53-A36C-8E866417BD8C): 0
LogDevObjectVersion:   Dev-Core (375EC13C-06E4-48FB-B500-84F0262A717E): 3
LogDevObjectVersion:   Dev-Editor (E4B068ED-F494-42E9-A231-DA0B2E46BB41): 34
LogDevObjectVersion:   Dev-Framework (CFFC743F-43B0-4480-9391-14DF171D2073): 35
LogDevObjectVersion:   Dev-Mobile (B02B49B5-BB20-44E9-A304-32B752E40360): 2
LogDevObjectVersion:   Dev-Networking (A4E4105C-59A1-49B5-A7C5-40C4547EDFEE): 0
LogDevObjectVersion:   Dev-Online (39C831C9-5AE6-47DC-9A44-9C173E1C8E7C): 0
LogDevObjectVersion:   Dev-Physics (78F01B33-EBEA-4F98-B9B4-84EACCB95AA2): 0
LogDevObjectVersion:   Dev-Platform (6631380F-2D4D-43E0-8009-CF276956A95A): 0
LogDevObjectVersion:   Dev-Rendering (12F88B9F-8875-4AFC-A67C-D90C383ABD29): 31
LogDevObjectVersion:   Dev-Sequencer (7B5AE74C-D270-4C10-A958-57980B212A5A): 11
LogDevObjectVersion:   Dev-VR (D7296918-1DD6-4BDD-9DE2-64A83CC13884): 2
LogDevObjectVersion:   Dev-LoadTimes (C2A15278-BFE7-4AFE-6C17-90FF531DF755): 1
LogDevObjectVersion:   Private-Geometry (6EACA3D4-40EC-4CC1-B786-8BED09428FC5): 3
LogDevObjectVersion:   Dev-AnimPhys (29E575DD-E0A3-4627-9D10-D276232CDCEA): 17
LogDevObjectVersion:   Dev-Anim (AF43A65D-7FD3-4947-9873-3E8ED9C1BB05): 2
LogDevObjectVersion:   Dev-ReflectionCapture (6B266CEC-1EC7-4B8F-A30B-E4D90942FC07): 1
LogDevObjectVersion:   Dev-Automation (0DF73D61-A23F-47EA-B727-89E90C41499A): 1
LogDevObjectVersion:   FortniteMain (601D1886-AC64-4F84-AA16-D3DE0DEAC7D6): 27
LogDevObjectVersion:   Dev-Enterprise (9DFFBCD6-494F-0158-E221-12823C92A888): 6
LogDevObjectVersion:   Dev-Niagara (F2AED0AC-9AFE-416F-8664-AA7FFA26D6FC): 1
LogDevObjectVersion:   Dev-Destruction (174F1F0B-B4C6-45A5-B13F-2EE8D0FB917D): 9
LogInit: Presizing for max 16777216 objects, including 0 objects not considered by GC, pre-allocating 0 bytes for permanent pool.
LogInit: Object subsystem initialized
LogConfig: Setting CVar [[con.DebugEarlyDefault:1]]
LogConfig: Setting CVar [[r.setres:1280x720]]
[2020.01.23-20.43.57:957][  0]LogConfig: Setting CVar [[r.VSync:0]]
[2020.01.23-20.43.57:957][  0]LogConfig: Setting CVar [[r.RHICmdBypass:0]]
[2020.01.23-20.43.57:957][  0]LogConfig: Applying CVar settings from Section [/Script/Engine.RendererSettings] File [D:/kuba/PGiPW/Programowanie/UNERALTORTURAMENT/Levelel1JakubMucha/Saved/Config/Windows/Engine.ini]
[2020.01.23-20.43.57:957][  0]LogConfig: Setting CVar [[r.GPUCrashDebugging:0]]
[2020.01.23-20.43.57:957][  0]LogConfig: Setting CVar [[r.DefaultFeature.AutoExposure.ExtendDefaultLuminanceRange:1]]
[2020.01.23-20.43.57:957][  0]LogConfig: Applying CVar settings from Section [/Script/Engine.RendererOverrideSettings] File [D:/kuba/PGiPW/Programowanie/UNERALTORTURAMENT/Levelel1JakubMucha/Saved/Config/Windows/Engine.ini]
[2020.01.23-20.43.57:957][  0]LogConfig: Applying CVar settings from Section [/Script/Engine.StreamingSettings] File [D:/kuba/PGiPW/Programowanie/UNERALTORTURAMENT/Levelel1JakubMucha/Saved/Config/Windows/Engine.ini]
[2020.01.23-20.43.57:957][  0]LogConfig: Setting CVar [[s.MinBulkDataSizeForAsyncLoading:131072]]
[2020.01.23-20.43.57:957][  0]LogConfig: Setting CVar [[s.AsyncLoadingThreadEnabled:0]]
[2020.01.23-20.43.57:957][  0]LogConfig: Setting CVar [[s.EventDrivenLoaderEnabled:1]]
[2020.01.23-20.43.57:957][  0]LogConfig: Setting CVar [[s.WarnIfTimeLimitExceeded:0]]
[2020.01.23-20.43.57:957][  0]LogConfig: Setting CVar [[s.TimeLimitExceededMultiplier:1.5]]
[2020.01.23-20.43.57:957][  0]LogConfig: Setting CVar [[s.TimeLimitExceededMinTime:0.005]]
[2020.01.23-20.43.57:957][  0]LogConfig: Setting CVar [[s.UseBackgroundLevelStreaming:1]]
[2020.01.23-20.43.57:957][  0]LogConfig: Setting CVar [[s.PriorityAsyncLoadingExtraTime:15.0]]
[2020.01.23-20.43.57:957][  0]LogConfig: Setting CVar [[s.LevelStreamingActorsUpdateTimeLimit:5.0]]
[2020.01.23-20.43.57:957][  0]LogConfig: Setting CVar [[s.PriorityLevelStreamingActorsUpdateExtraTime:5.0]]
[2020.01.23-20.43.57:957][  0]LogConfig: Setting CVar [[s.LevelStreamingComponentsRegistrationGranularity:10]]
[2020.01.23-20.43.57:957][  0]LogConfig: Setting CVar [[s.UnregisterComponentsTimeLimit:1.0]]
[2020.01.23-20.43.57:958][  0]LogConfig: Setting CVar [[s.LevelStreamingComponentsUnregistrationGranularity:5]]
[2020.01.23-20.43.57:958][  0]LogConfig: Applying CVar settings from Section [/Script/Engine.GarbageCollectionSettings] File [D:/kuba/PGiPW/Programowanie/UNERALTORTURAMENT/Levelel1JakubMucha/Saved/Config/Windows/Engine.ini]
[2020.01.23-20.43.57:958][  0]LogConfig: Setting CVar [[gc.MaxObjectsNotConsideredByGC:1]]
[2020.01.23-20.43.57:958][  0]LogConfig: Setting CVar [[gc.SizeOfPermanentObjectPool:0]]
[2020.01.23-20.43.57:958][  0]LogConfig: Setting CVar [[gc.FlushStreamingOnGC:0]]
[2020.01.23-20.43.57:958][  0]LogConfig: Setting CVar [[gc.NumRetriesBeforeForcingGC:10]]
[2020.01.23-20.43.57:958][  0]LogConfig: Setting CVar [[gc.AllowParallelGC:1]]
[2020.01.23-20.43.57:958][  0]LogConfig: Setting CVar [[gc.TimeBetweenPurgingPendingKillObjects:61.1]]
[2020.01.23-20.43.57:958][  0]LogConfig: Setting CVar [[gc.MaxObjectsInEditor:16777216]]
[2020.01.23-20.43.57:958][  0]LogConfig: Setting CVar [[gc.IncrementalBeginDestroyEnabled:1]]
[2020.01.23-20.43.57:958][  0]LogConfig: Setting CVar [[gc.CreateGCClusters:1]]
[2020.01.23-20.43.57:958][  0]LogConfig: Setting CVar [[gc.MinGCClusterSize:5]]
[2020.01.23-20.43.57:958][  0]LogConfig: Setting CVar [[gc.ActorClusteringEnabled:0]]
[2020.01.23-20.43.57:958][  0]LogConfig: Setting CVar [[gc.BlueprintClusteringEnabled:0]]
[2020.01.23-20.43.57:958][  0]LogConfig: Setting CVar [[gc.UseDisregardForGCOnDedicatedServers:0]]
[2020.01.23-20.43.57:958][  0]LogConfig: Applying CVar settings from Section [/Script/Engine.NetworkSettings] File [D:/kuba/PGiPW/Programowanie/UNERALTORTURAMENT/Levelel1JakubMucha/Saved/Config/Windows/Engine.ini]
[2020.01.23-20.43.57:958][  0]LogConfig: Applying CVar settings from Section [/Script/UnrealEd.CookerSettings] File [D:/kuba/PGiPW/Programowanie/UNERALTORTURAMENT/Levelel1JakubMucha/Saved/Config/Windows/Engine.ini]
[2020.01.23-20.43.57:974][  0]LogConfig: Applying CVar settings from Section [ViewDistanceQuality@3] File [D:/kuba/PGiPW/Programowanie/UNERALTORTURAMENT/Levelel1JakubMucha/Saved/Config/Windows/Scalability.ini]
[2020.01.23-20.43.57:975][  0]LogConfig: Setting CVar [[r.SkeletalMeshLODBias:0]]
[2020.01.23-20.43.57:975][  0]LogConfig: Setting CVar [[r.ViewDistanceScale:1.0]]
[2020.01.23-20.43.57:975][  0]LogConfig: Applying CVar settings from Section [AntiAliasingQuality@3] File [D:/kuba/PGiPW/Programowanie/UNERALTORTURAMENT/Levelel1JakubMucha/Saved/Config/Windows/Scalability.ini]
[2020.01.23-20.43.57:975][  0]LogConfig: Setting CVar [[r.PostProcessAAQuality:4]]
[2020.01.23-20.43.57:975][  0]LogConfig: Applying CVar settings from Section [ShadowQuality@3] File [D:/kuba/PGiPW/Programowanie/UNERALTORTURAMENT/Levelel1JakubMucha/Saved/Config/Windows/Scalability.ini]
[2020.01.23-20.43.57:975][  0]LogConfig: Setting CVar [[r.LightFunctionQuality:1]]
[2020.01.23-20.43.57:975][  0]LogConfig: Setting CVar [[r.ShadowQuality:5]]
[2020.01.23-20.43.57:975][  0]LogConfig: Setting CVar [[r.Shadow.CSM.MaxCascades:10]]
[2020.01.23-20.43.57:975][  0]LogConfig: Setting CVar [[r.Shadow.MaxResolution:2048]]
[2020.01.23-20.43.57:975][  0]LogConfig: Setting CVar [[r.Shadow.MaxCSMResolution:2048]]
[2020.01.23-20.43.57:975][  0]LogConfig: Setting CVar [[r.Shadow.RadiusThreshold:0.01]]
[2020.01.23-20.43.57:975][  0]LogConfig: Setting CVar [[r.Shadow.DistanceScale:1.0]]
[2020.01.23-20.43.57:975][  0]LogConfig: Setting CVar [[r.Shadow.CSM.TransitionScale:1.0]]
[2020.01.23-20.43.57:975][  0]LogConfig: Setting CVar [[r.Shadow.PreShadowResolutionFactor:1.0]]
[2020.01.23-20.43.57:975][  0]LogConfig: Setting CVar [[r.DistanceFieldShadowing:1]]
[2020.01.23-20.43.57:975][  0]LogConfig: Setting CVar [[r.DistanceFieldAO:1]]
[2020.01.23-20.43.57:975][  0]LogConfig: Setting CVar [[r.AOQuality:2]]
[2020.01.23-20.43.57:975][  0]LogConfig: Setting CVar [[r.VolumetricFog:1]]
[2020.01.23-20.43.57:975][  0]LogConfig: Setting CVar [[r.VolumetricFog.GridPixelSize:8]]
[2020.01.23-20.43.57:975][  0]LogConfig: Setting CVar [[r.VolumetricFog.GridSizeZ:128]]
[2020.01.23-20.43.57:975][  0]LogConfig: Setting CVar [[r.VolumetricFog.HistoryMissSupersampleCount:4]]
[2020.01.23-20.43.57:975][  0]LogConfig: Setting CVar [[r.LightMaxDrawDistanceScale:1]]
[2020.01.23-20.43.57:975][  0]LogConfig: Setting CVar [[r.CapsuleShadows:1]]
[2020.01.23-20.43.57:975][  0]LogConfig: Applying CVar settings from Section [PostProcessQuality@3] File [D:/kuba/PGiPW/Programowanie/UNERALTORTURAMENT/Levelel1JakubMucha/Saved/Config/Windows/Scalability.ini]
[2020.01.23-20.43.57:975][  0]LogConfig: Setting CVar [[r.MotionBlurQuality:4]]
[2020.01.23-20.43.57:975][  0]LogConfig: Setting CVar [[r.AmbientOcclusionMipLevelFactor:0.4]]
[2020.01.23-20.43.57:975][  0]LogConfig: Setting CVar [[r.AmbientOcclusionMaxQuality:100]]
[2020.01.23-20.43.57:975][  0]LogConfig: Setting CVar [[r.AmbientOcclusionLevels:-1]]
[2020.01.23-20.43.57:975][  0]LogConfig: Setting CVar [[r.AmbientOcclusionRadiusScale:1.0]]
[2020.01.23-20.43.57:976][  0]LogConfig: Setting CVar [[r.DepthOfFieldQuality:2]]
[2020.01.23-20.43.57:976][  0]LogConfig: Setting CVar [[r.RenderTargetPoolMin:400]]
[2020.01.23-20.43.57:976][  0]LogConfig: Setting CVar [[r.LensFlareQuality:2]]
[2020.01.23-20.43.57:976][  0]LogConfig: Setting CVar [[r.SceneColorFringeQuality:1]]
[2020.01.23-20.43.57:976][  0]LogConfig: Setting CVar [[r.EyeAdaptationQuality:2]]
[2020.01.23-20.43.57:976][  0]LogConfig: Setting CVar [[r.BloomQuality:5]]
[2020.01.23-20.43.57:976][  0]LogConfig: Setting CVar [[r.FastBlurThreshold:100]]
[2020.01.23-20.43.57:976][  0]LogConfig: Setting CVar [[r.Upscale.Quality:3]]
[2020.01.23-20.43.57:976][  0]LogConfig: Setting CVar [[r.Tonemapper.GrainQuantization:1]]
[2020.01.23-20.43.57:976][  0]LogConfig: Setting CVar [[r.LightShaftQuality:1]]
[2020.01.23-20.43.57:976][  0]LogConfig: Setting CVar [[r.Filter.SizeScale:1]]
[2020.01.23-20.43.57:976][  0]LogConfig: Setting CVar [[r.Tonemapper.Quality:5]]
[2020.01.23-20.43.57:976][  0]LogConfig: Setting CVar [[r.DOF.Gather.AccumulatorQuality:1        ; higher gathering accumulator quality]]
[2020.01.23-20.43.57:976][  0]LogConfig: Setting CVar [[r.DOF.Gather.PostfilterMethod:1          ; Median3x3 postfilering method]]
[2020.01.23-20.43.57:976][  0]LogConfig: Setting CVar [[r.DOF.Gather.EnableBokehSettings:0       ; no bokeh simulation when gathering]]
[2020.01.23-20.43.57:976][  0]LogConfig: Setting CVar [[r.DOF.Gather.RingCount:4                 ; medium number of samples when gathering]]
[2020.01.23-20.43.57:976][  0]LogConfig: Setting CVar [[r.DOF.Scatter.ForegroundCompositing:1    ; additive foreground scattering]]
[2020.01.23-20.43.57:976][  0]LogConfig: Setting CVar [[r.DOF.Scatter.BackgroundCompositing:2    ; additive background scattering]]
[2020.01.23-20.43.57:976][  0]LogConfig: Setting CVar [[r.DOF.Scatter.EnableBokehSettings:1      ; bokeh simulation when scattering]]
[2020.01.23-20.43.57:976][  0]LogConfig: Setting CVar [[r.DOF.Scatter.MaxSpriteRatio:0.1         ; only a maximum of 10% of scattered bokeh]]
[2020.01.23-20.43.57:976][  0]LogConfig: Setting CVar [[r.DOF.Recombine.Quality:1                ; cheap slight out of focus]]
[2020.01.23-20.43.57:976][  0]LogConfig: Setting CVar [[r.DOF.Recombine.EnableBokehSettings:0    ; no bokeh simulation on slight out of focus]]
[2020.01.23-20.43.57:976][  0]LogConfig: Setting CVar [[r.DOF.TemporalAAQuality:1                ; more stable temporal accumulation]]
[2020.01.23-20.43.57:976][  0]LogConfig: Setting CVar [[r.DOF.Kernel.MaxForegroundRadius:0.025]]
[2020.01.23-20.43.57:976][  0]LogConfig: Setting CVar [[r.DOF.Kernel.MaxBackgroundRadius:0.025]]
[2020.01.23-20.43.57:976][  0]LogConfig: Applying CVar settings from Section [TextureQuality@3] File [D:/kuba/PGiPW/Programowanie/UNERALTORTURAMENT/Levelel1JakubMucha/Saved/Config/Windows/Scalability.ini]
[2020.01.23-20.43.57:976][  0]LogConfig: Setting CVar [[r.Streaming.MipBias:0]]
[2020.01.23-20.43.57:976][  0]LogConfig: Setting CVar [[r.Streaming.AmortizeCPUToGPUCopy:0]]
[2020.01.23-20.43.57:976][  0]LogConfig: Setting CVar [[r.Streaming.MaxNumTexturesToStreamPerFrame:0]]
[2020.01.23-20.43.57:977][  0]LogConfig: Setting CVar [[r.Streaming.Boost:1]]
[2020.01.23-20.43.57:977][  0]LogConfig: Setting CVar [[r.MaxAnisotropy:8]]
[2020.01.23-20.43.57:977][  0]LogConfig: Setting CVar [[r.Streaming.LimitPoolSizeToVRAM:0]]
[2020.01.23-20.43.57:977][  0]LogConfig: Setting CVar [[r.Streaming.PoolSize:1000]]
[2020.01.23-20.43.57:977][  0]LogConfig: Setting CVar [[r.Streaming.MaxEffectiveScreenSize:0]]
[2020.01.23-20.43.57:977][  0]LogConfig: Applying CVar settings from Section [EffectsQuality@3] File [D:/kuba/PGiPW/Programowanie/UNERALTORTURAMENT/Levelel1JakubMucha/Saved/Config/Windows/Scalability.ini]
[2020.01.23-20.43.57:977][  0]LogConfig: Setting CVar [[r.TranslucencyLightingVolumeDim:64]]
[2020.01.23-20.43.57:977][  0]LogConfig: Setting CVar [[r.RefractionQuality:2]]
[2020.01.23-20.43.57:977][  0]LogConfig: Setting CVar [[r.SSR.Quality:3]]
[2020.01.23-20.43.57:977][  0]LogConfig: Setting CVar [[r.SceneColorFormat:4]]
[2020.01.23-20.43.57:977][  0]LogConfig: Setting CVar [[r.DetailMode:2]]
[2020.01.23-20.43.57:977][  0]LogConfig: Setting CVar [[r.TranslucencyVolumeBlur:1]]
[2020.01.23-20.43.57:977][  0]LogConfig: Setting CVar [[r.MaterialQualityLevel:1 ; High quality]]
[2020.01.23-20.43.57:977][  0]LogConfig: Setting CVar [[r.SSS.Scale:1]]
[2020.01.23-20.43.57:977][  0]LogConfig: Setting CVar [[r.SSS.SampleSet:2]]
[2020.01.23-20.43.57:977][  0]LogConfig: Setting CVar [[r.SSS.Quality:1]]
[2020.01.23-20.43.57:977][  0]LogConfig: Setting CVar [[r.SSS.HalfRes:1]]
[2020.01.23-20.43.57:977][  0]LogConfig: Setting CVar [[r.EmitterSpawnRateScale:1.0]]
[2020.01.23-20.43.57:977][  0]LogConfig: Setting CVar [[r.ParticleLightQuality:2]]
[2020.01.23-20.43.57:977][  0]LogConfig: Applying CVar settings from Section [FoliageQuality@3] File [D:/kuba/PGiPW/Programowanie/UNERALTORTURAMENT/Levelel1JakubMucha/Saved/Config/Windows/Scalability.ini]
[2020.01.23-20.43.57:977][  0]LogConfig: Setting CVar [[foliage.DensityScale:1.0]]
[2020.01.23-20.43.57:977][  0]LogConfig: Setting CVar [[grass.DensityScale:1.0]]
[2020.01.23-20.43.57:977][  0]LogInit: Selected Device Profile: [Windows]
[2020.01.23-20.43.57:977][  0]LogInit: Applying CVar settings loaded from the selected device profile: [Windows]
[2020.01.23-20.43.58:002][  0]LogHAL: Display: Platform has ~ 8 GB [8555474944 / 8589934592 / 8], which maps to Default [LargestMinGB=32, LargerMinGB=12, DefaultMinGB=8, SmallerMinGB=6, SmallestMinGB=0)
[2020.01.23-20.43.58:003][  0]LogInit: Going up to parent DeviceProfile []
[2020.01.23-20.43.58:003][  0]LogConfig: Applying CVar settings from Section [ViewDistanceQuality@2] File [D:/kuba/PGiPW/Programowanie/UNERALTORTURAMENT/Levelel1JakubMucha/Saved/Config/Windows/Scalability.ini]
[2020.01.23-20.43.58:003][  0]LogConfig: Setting CVar [[r.SkeletalMeshLODBias:0]]
[2020.01.23-20.43.58:003][  0]LogConfig: Setting CVar [[r.ViewDistanceScale:0.8]]
[2020.01.23-20.43.58:003][  0]LogConfig: Applying CVar settings from Section [AntiAliasingQuality@2] File [D:/kuba/PGiPW/Programowanie/UNERALTORTURAMENT/Levelel1JakubMucha/Saved/Config/Windows/Scalability.ini]
[2020.01.23-20.43.58:003][  0]LogConfig: Setting CVar [[r.PostProcessAAQuality:3]]
[2020.01.23-20.43.58:003][  0]LogConfig: Applying CVar settings from Section [ShadowQuality@2] File [D:/kuba/PGiPW/Programowanie/UNERALTORTURAMENT/Levelel1JakubMucha/Saved/Config/Windows/Scalability.ini]
[2020.01.23-20.43.58:003][  0]LogConfig: Setting CVar [[r.LightFunctionQuality:1]]
[2020.01.23-20.43.58:003][  0]LogConfig: Setting CVar [[r.ShadowQuality:5]]
[2020.01.23-20.43.58:003][  0]LogConfig: Setting CVar [[r.Shadow.CSM.MaxCascades:4]]
[2020.01.23-20.43.58:003][  0]LogConfig: Setting CVar [[r.Shadow.MaxResolution:1024]]
[2020.01.23-20.43.58:003][  0]LogConfig: Setting CVar [[r.Shadow.MaxCSMResolution:2048]]
[2020.01.23-20.43.58:003][  0]LogConfig: Setting CVar [[r.Shadow.RadiusThreshold:0.04]]
[2020.01.23-20.43.58:003][  0]LogConfig: Setting CVar [[r.Shadow.DistanceScale:0.85]]
[2020.01.23-20.43.58:003][  0]LogConfig: Setting CVar [[r.Shadow.CSM.TransitionScale:0.8]]
[2020.01.23-20.43.58:003][  0]LogConfig: Setting CVar [[r.Shadow.PreShadowResolutionFactor:0.5]]
[2020.01.23-20.43.58:003][  0]LogConfig: Setting CVar [[r.DistanceFieldShadowing:1]]
[2020.01.23-20.43.58:003][  0]LogConfig: Setting CVar [[r.DistanceFieldAO:1]]
[2020.01.23-20.43.58:003][  0]LogConfig: Setting CVar [[r.AOQuality:1]]
[2020.01.23-20.43.58:003][  0]LogConfig: Setting CVar [[r.VolumetricFog:1]]
[2020.01.23-20.43.58:003][  0]LogConfig: Setting CVar [[r.VolumetricFog.GridPixelSize:16]]
[2020.01.23-20.43.58:004][  0]LogConfig: Setting CVar [[r.VolumetricFog.GridSizeZ:64]]
[2020.01.23-20.43.58:004][  0]LogConfig: Setting CVar [[r.VolumetricFog.HistoryMissSupersampleCount:4]]
[2020.01.23-20.43.58:004][  0]LogConfig: Setting CVar [[r.LightMaxDrawDistanceScale:1]]
[2020.01.23-20.43.58:004][  0]LogConfig: Setting CVar [[r.CapsuleShadows:1]]
[2020.01.23-20.43.58:004][  0]LogConfig: Applying CVar settings from Section [PostProcessQuality@2] File [D:/kuba/PGiPW/Programowanie/UNERALTORTURAMENT/Levelel1JakubMucha/Saved/Config/Windows/Scalability.ini]
[2020.01.23-20.43.58:004][  0]LogConfig: Setting CVar [[r.MotionBlurQuality:3]]
[2020.01.23-20.43.58:004][  0]LogConfig: Setting CVar [[r.AmbientOcclusionMipLevelFactor:0.6]]
[2020.01.23-20.43.58:004][  0]LogConfig: Setting CVar [[r.AmbientOcclusionMaxQuality:100]]
[2020.01.23-20.43.58:004][  0]LogConfig: Setting CVar [[r.AmbientOcclusionLevels:-1]]
[2020.01.23-20.43.58:004][  0]LogConfig: Setting CVar [[r.AmbientOcclusionRadiusScale:1.5]]
[2020.01.23-20.43.58:004][  0]LogConfig: Setting CVar [[r.DepthOfFieldQuality:2]]
[2020.01.23-20.43.58:004][  0]LogConfig: Setting CVar [[r.RenderTargetPoolMin:400]]
[2020.01.23-20.43.58:004][  0]LogConfig: Setting CVar [[r.LensFlareQuality:2]]
[2020.01.23-20.43.58:004][  0]LogConfig: Setting CVar [[r.SceneColorFringeQuality:1]]
[2020.01.23-20.43.58:004][  0]LogConfig: Setting CVar [[r.EyeAdaptationQuality:2]]
[2020.01.23-20.43.58:004][  0]LogConfig: Setting CVar [[r.BloomQuality:5]]
[2020.01.23-20.43.58:004][  0]LogConfig: Setting CVar [[r.FastBlurThreshold:3]]
[2020.01.23-20.43.58:004][  0]LogConfig: Setting CVar [[r.Upscale.Quality:2]]
[2020.01.23-20.43.58:004][  0]LogConfig: Setting CVar [[r.Tonemapper.GrainQuantization:1]]
[2020.01.23-20.43.58:004][  0]LogConfig: Setting CVar [[r.LightShaftQuality:1]]
[2020.01.23-20.43.58:004][  0]LogConfig: Setting CVar [[r.Filter.SizeScale:0.8]]
[2020.01.23-20.43.58:004][  0]LogConfig: Setting CVar [[r.Tonemapper.Quality:5]]
[2020.01.23-20.43.58:004][  0]LogConfig: Setting CVar [[r.DOF.Gather.AccumulatorQuality:0        ; lower gathering accumulator quality]]
[2020.01.23-20.43.58:004][  0]LogConfig: Setting CVar [[r.DOF.Gather.PostfilterMethod:2          ; Max3x3 postfilering method]]
[2020.01.23-20.43.58:004][  0]LogConfig: Setting CVar [[r.DOF.Gather.EnableBokehSettings:0       ; no bokeh simulation when gathering]]
[2020.01.23-20.43.58:004][  0]LogConfig: Setting CVar [[r.DOF.Gather.RingCount:4                 ; medium number of samples when gathering]]
[2020.01.23-20.43.58:004][  0]LogConfig: Setting CVar [[r.DOF.Scatter.ForegroundCompositing:1    ; additive foreground scattering]]
[2020.01.23-20.43.58:004][  0]LogConfig: Setting CVar [[r.DOF.Scatter.BackgroundCompositing:1    ; no background occlusion]]
[2020.01.23-20.43.58:004][  0]LogConfig: Setting CVar [[r.DOF.Scatter.EnableBokehSettings:0      ; no bokeh simulation when scattering]]
[2020.01.23-20.43.58:005][  0]LogConfig: Setting CVar [[r.DOF.Scatter.MaxSpriteRatio:0.04        ; only a maximum of 4% of scattered bokeh]]
[2020.01.23-20.43.58:005][  0]LogConfig: Setting CVar [[r.DOF.Recombine.Quality:0                ; no slight out of focus]]
[2020.01.23-20.43.58:005][  0]LogConfig: Setting CVar [[r.DOF.TemporalAAQuality:0                ; faster temporal accumulation]]
[2020.01.23-20.43.58:005][  0]LogConfig: Setting CVar [[r.DOF.Kernel.MaxForegroundRadius:0.012   ; required because of AccumulatorQuality=0]]
[2020.01.23-20.43.58:005][  0]LogConfig: Setting CVar [[r.DOF.Kernel.MaxBackgroundRadius:0.012   ; required because of AccumulatorQuality=0]]
[2020.01.23-20.43.58:005][  0]LogConfig: Applying CVar settings from Section [TextureQuality@2] File [D:/kuba/PGiPW/Programowanie/UNERALTORTURAMENT/Levelel1JakubMucha/Saved/Config/Windows/Scalability.ini]
[2020.01.23-20.43.58:005][  0]LogConfig: Setting CVar [[r.Streaming.MipBias:0]]
[2020.01.23-20.43.58:005][  0]LogConfig: Setting CVar [[r.Streaming.AmortizeCPUToGPUCopy:0]]
[2020.01.23-20.43.58:005][  0]LogConfig: Setting CVar [[r.Streaming.MaxNumTexturesToStreamPerFrame:0]]
[2020.01.23-20.43.58:005][  0]LogConfig: Setting CVar [[r.Streaming.Boost:1]]
[2020.01.23-20.43.58:005][  0]LogConfig: Setting CVar [[r.MaxAnisotropy:4]]
[2020.01.23-20.43.58:005][  0]LogConfig: Setting CVar [[r.Streaming.LimitPoolSizeToVRAM:1]]
[2020.01.23-20.43.58:005][  0]LogConfig: Setting CVar [[r.Streaming.PoolSize:800]]
[2020.01.23-20.43.58:005][  0]LogConfig: Setting CVar [[r.Streaming.MaxEffectiveScreenSize:0]]
[2020.01.23-20.43.58:005][  0]LogConfig: Applying CVar settings from Section [EffectsQuality@2] File [D:/kuba/PGiPW/Programowanie/UNERALTORTURAMENT/Levelel1JakubMucha/Saved/Config/Windows/Scalability.ini]
[2020.01.23-20.43.58:005][  0]LogConfig: Setting CVar [[r.TranslucencyLightingVolumeDim:48]]
[2020.01.23-20.43.58:005][  0]LogConfig: Setting CVar [[r.RefractionQuality:2]]
[2020.01.23-20.43.58:005][  0]LogConfig: Setting CVar [[r.SSR.Quality:2]]
[2020.01.23-20.43.58:005][  0]LogConfig: Setting CVar [[r.SceneColorFormat:3]]
[2020.01.23-20.43.58:005][  0]LogConfig: Setting CVar [[r.DetailMode:1]]
[2020.01.23-20.43.58:005][  0]LogConfig: Setting CVar [[r.TranslucencyVolumeBlur:1]]
[2020.01.23-20.43.58:005][  0]LogConfig: Setting CVar [[r.MaterialQualityLevel:1 ; High quality]]
[2020.01.23-20.43.58:005][  0]LogConfig: Setting CVar [[r.SSS.Scale:1]]
[2020.01.23-20.43.58:005][  0]LogConfig: Setting CVar [[r.SSS.SampleSet:1]]
[2020.01.23-20.43.58:005][  0]LogConfig: Setting CVar [[r.SSS.Quality:-1]]
[2020.01.23-20.43.58:005][  0]LogConfig: Setting CVar [[r.SSS.HalfRes:1]]
[2020.01.23-20.43.58:005][  0]LogConfig: Setting CVar [[r.EmitterSpawnRateScale:0.5]]
[2020.01.23-20.43.58:005][  0]LogConfig: Setting CVar [[r.ParticleLightQuality:1]]
[2020.01.23-20.43.58:005][  0]LogConfig: Applying CVar settings from Section [FoliageQuality@2] File [D:/kuba/PGiPW/Programowanie/UNERALTORTURAMENT/Levelel1JakubMucha/Saved/Config/Windows/Scalability.ini]
[2020.01.23-20.43.58:005][  0]LogConfig: Setting CVar [[foliage.DensityScale:0.8]]
[2020.01.23-20.43.58:006][  0]LogConfig: Setting CVar [[grass.DensityScale:0.8]]
[2020.01.23-20.43.58:006][  0]LogConfig: Applying CVar settings from Section [Startup] File [../../../Engine/Config/ConsoleVariables.ini]
[2020.01.23-20.43.58:013][  0]LogConfig: Setting CVar [[net.UseAdaptiveNetUpdateFrequency:0]]
[2020.01.23-20.43.58:013][  0]LogConfig: Setting CVar [[p.chaos.AllowCreatePhysxBodies:1]]
[2020.01.23-20.43.58:013][  0]LogConfig: Applying CVar settings from Section [ConsoleVariables] File [D:/kuba/PGiPW/Programowanie/UNERALTORTURAMENT/Levelel1JakubMucha/Saved/Config/Windows/Engine.ini]
[2020.01.23-20.43.58:013][  0]LogInit: Computer: DESKTOP-55L1PJ3
[2020.01.23-20.43.58:013][  0]LogInit: User: JakubJacuzzi
[2020.01.23-20.43.58:013][  0]LogInit: CPU Page size=4096, Cores=4
[2020.01.23-20.43.58:013][  0]LogInit: High frequency timer resolution =10.000000 MHz
[2020.01.23-20.43.58:014][  0]LogMemory: Memory total: Physical=8.0GB (8GB approx)
[2020.01.23-20.43.58:014][  0]LogMemory: Platform Memory Stats for Windows
[2020.01.23-20.43.58:014][  0]LogMemory: Process Physical Memory: 100.23 MB used, 100.23 MB peak
[2020.01.23-20.43.58:014][  0]LogMemory: Process Virtual Memory: 99.88 MB used, 99.88 MB peak
[2020.01.23-20.43.58:014][  0]LogMemory: Physical Memory: 4009.22 MB used,  4149.92 MB free, 8159.14 MB total
[2020.01.23-20.43.58:014][  0]LogMemory: Virtual Memory: 4670.10 MB used,  134213056.00 MB free, 134217728.00 MB total
[2020.01.23-20.43.58:046][  0]LogWindows: WindowsPlatformFeatures enabled
[2020.01.23-20.43.58:408][  0]LogInit: Using OS detected language (pl-PL).
[2020.01.23-20.43.58:408][  0]LogInit: Using OS detected locale (pl-PL).
[2020.01.23-20.43.58:467][  0]LogTextLocalizationManager: No specific localization for 'pl-PL' exists, so the 'pl' localization will be used.
[2020.01.23-20.43.58:468][  0]LogTextLocalizationResource: LocRes '../../../Engine/Content/Localization/Editor/pl/Editor.locres' could not be opened for reading!
[2020.01.23-20.43.58:468][  0]LogTextLocalizationResource: LocRes '../../../Engine/Content/Localization/EditorTutorials/pl/EditorTutorials.locres' could not be opened for reading!
[2020.01.23-20.43.58:468][  0]LogTextLocalizationResource: LocRes '../../../Engine/Content/Localization/Keywords/pl/Keywords.locres' could not be opened for reading!
[2020.01.23-20.43.58:468][  0]LogTextLocalizationResource: LocRes '../../../Engine/Content/Localization/Category/pl/Category.locres' could not be opened for reading!
[2020.01.23-20.43.58:475][  0]LogTextLocalizationResource: LocRes '../../../Engine/Content/Localization/ToolTips/pl/ToolTips.locres' could not be opened for reading!
[2020.01.23-20.43.58:480][  0]LogTextLocalizationResource: LocRes '../../../Engine/Content/Localization/PropertyNames/pl/PropertyNames.locres' could not be opened for reading!
[2020.01.23-20.43.58:480][  0]LogTextLocalizationResource: LocRes '../../../Engine/Content/Localization/Engine/pl/Engine.locres' could not be opened for reading!
[2020.01.23-20.43.58:543][  0]LogInit: Setting process to per monitor DPI aware
[2020.01.23-20.43.58:883][  0]LogSlate: New Slate User Created.  User Index 0, Is Virtual User: 0
[2020.01.23-20.43.58:883][  0]LogSlate: Slate User Registered.  User Index 0, Is Virtual User: 0
[2020.01.23-20.44.02:464][  0]LogHMD: Failed to initialize OpenVR with code 110
[2020.01.23-20.44.02:464][  0]LogD3D11RHI: D3D11 adapters:
[2020.01.23-20.44.02:637][  0]LogD3D11RHI:    0. 'NVIDIA GeForce GTX 1050' (Feature Level 11_0)
[2020.01.23-20.44.02:637][  0]LogD3D11RHI:       1977/0/4079 MB DedicatedVideo/DedicatedSystem/SharedSystem, Outputs:2, VendorId:0x10de
[2020.01.23-20.44.02:649][  0]LogD3D11RHI:    1. 'Microsoft Basic Render Driver' (Feature Level 11_0)
[2020.01.23-20.44.02:649][  0]LogD3D11RHI:       0/0/4079 MB DedicatedVideo/DedicatedSystem/SharedSystem, Outputs:0, VendorId:0x1414
[2020.01.23-20.44.02:649][  0]LogD3D11RHI: Chosen D3D11 Adapter: 0
[2020.01.23-20.44.02:656][  0]LogD3D11RHI: Creating new Direct3DDevice
[2020.01.23-20.44.02:656][  0]LogD3D11RHI:     GPU DeviceId: 0x1c81 (for the marketing name, search the web for "GPU Device Id")
[2020.01.23-20.44.02:656][  0]LogWindows: EnumDisplayDevices:
[2020.01.23-20.44.02:657][  0]LogWindows:    0. 'NVIDIA GeForce GTX 1050' (P:1 D:1)
[2020.01.23-20.44.02:657][  0]LogWindows:    1. 'NVIDIA GeForce GTX 1050' (P:0 D:1)
[2020.01.23-20.44.02:658][  0]LogWindows:    2. 'NVIDIA GeForce GTX 1050' (P:0 D:0)
[2020.01.23-20.44.02:658][  0]LogWindows:    3. 'NVIDIA GeForce GTX 1050' (P:0 D:0)
[2020.01.23-20.44.02:659][  0]LogWindows: DebugString: FoundDriverCount:4 
[2020.01.23-20.44.02:659][  0]LogD3D11RHI:     Adapter Name: NVIDIA GeForce GTX 1050
[2020.01.23-20.44.02:659][  0]LogD3D11RHI:   Driver Version: 441.66 (internal:26.21.14.4166, unified:441.66)
[2020.01.23-20.44.02:659][  0]LogD3D11RHI:      Driver Date: 12-6-2019
[2020.01.23-20.44.02:659][  0]LogRHI: Texture pool is 1384 MB (70% of 1977 MB)
[2020.01.23-20.44.02:725][  0]LogD3D11RHI: Async texture creation enabled
[2020.01.23-20.44.02:740][  0]LogD3D11RHI: GPU Timing Frequency: 1000.000000 (Debug: 2 1)
[2020.01.23-20.44.03:775][  0]LogTemp: Display: Module 'AllDesktopTargetPlatform' loaded TargetPlatform 'AllDesktop'
[2020.01.23-20.44.03:844][  0]LogTemp: Display: Module 'MacClientTargetPlatform' loaded TargetPlatform 'MacClient'
[2020.01.23-20.44.03:865][  0]LogTemp: Display: Module 'MacNoEditorTargetPlatform' loaded TargetPlatform 'MacNoEditor'
[2020.01.23-20.44.03:906][  0]LogTemp: Display: Module 'MacServerTargetPlatform' loaded TargetPlatform 'MacServer'
[2020.01.23-20.44.03:949][  0]LogTemp: Display: Module 'MacTargetPlatform' loaded TargetPlatform 'Mac'
[2020.01.23-20.44.03:975][  0]LogTemp: Display: Module 'WindowsClientTargetPlatform' loaded TargetPlatform 'WindowsClient'
[2020.01.23-20.44.03:990][  0]LogTemp: Display: Module 'WindowsNoEditorTargetPlatform' loaded TargetPlatform 'WindowsNoEditor'
[2020.01.23-20.44.04:006][  0]LogTemp: Display: Module 'WindowsServerTargetPlatform' loaded TargetPlatform 'WindowsServer'
[2020.01.23-20.44.04:016][  0]LogTemp: Display: Module 'WindowsTargetPlatform' loaded TargetPlatform 'Windows'
[2020.01.23-20.44.04:073][  0]LogTemp: Display: Module 'AndroidTargetPlatform' loaded TargetPlatform 'Android'
[2020.01.23-20.44.04:073][  0]LogTemp: Display: Module 'AndroidTargetPlatform' loaded TargetPlatform 'Android_ASTC'
[2020.01.23-20.44.04:073][  0]LogTemp: Display: Module 'AndroidTargetPlatform' loaded TargetPlatform 'Android_ATC'
[2020.01.23-20.44.04:073][  0]LogTemp: Display: Module 'AndroidTargetPlatform' loaded TargetPlatform 'Android_DXT'
[2020.01.23-20.44.04:073][  0]LogTemp: Display: Module 'AndroidTargetPlatform' loaded TargetPlatform 'Android_ETC1'
[2020.01.23-20.44.04:073][  0]LogTemp: Display: Module 'AndroidTargetPlatform' loaded TargetPlatform 'Android_ETC1a'
[2020.01.23-20.44.04:073][  0]LogTemp: Display: Module 'AndroidTargetPlatform' loaded TargetPlatform 'Android_ETC2'
[2020.01.23-20.44.04:073][  0]LogTemp: Display: Module 'AndroidTargetPlatform' loaded TargetPlatform 'Android_PVRTC'
[2020.01.23-20.44.04:073][  0]LogTemp: Display: Module 'AndroidTargetPlatform' loaded TargetPlatform 'AndroidClient'
[2020.01.23-20.44.04:073][  0]LogTemp: Display: Module 'AndroidTargetPlatform' loaded TargetPlatform 'Android_ASTCClient'
[2020.01.23-20.44.04:073][  0]LogTemp: Display: Module 'AndroidTargetPlatform' loaded TargetPlatform 'Android_ATCClient'
[2020.01.23-20.44.04:073][  0]LogTemp: Display: Module 'AndroidTargetPlatform' loaded TargetPlatform 'Android_DXTClient'
[2020.01.23-20.44.04:073][  0]LogTemp: Display: Module 'AndroidTargetPlatform' loaded TargetPlatform 'Android_ETC1Client'
[2020.01.23-20.44.04:073][  0]LogTemp: Display: Module 'AndroidTargetPlatform' loaded TargetPlatform 'Android_ETC1aClient'
[2020.01.23-20.44.04:073][  0]LogTemp: Display: Module 'AndroidTargetPlatform' loaded TargetPlatform 'Android_ETC2Client'
[2020.01.23-20.44.04:073][  0]LogTemp: Display: Module 'AndroidTargetPlatform' loaded TargetPlatform 'Android_PVRTCClient'
[2020.01.23-20.44.04:073][  0]LogTemp: Display: Module 'AndroidTargetPlatform' loaded TargetPlatform 'Android_Multi'
[2020.01.23-20.44.04:073][  0]LogTemp: Display: Module 'AndroidTargetPlatform' loaded TargetPlatform 'Android_MultiClient'
[2020.01.23-20.44.04:131][  0]LogTemp: Display: Module 'HTML5TargetPlatform' loaded TargetPlatform 'HTML5'
[2020.01.23-20.44.04:213][  0]LogTemp: Display: Module 'IOSTargetPlatform' loaded TargetPlatform 'IOSClient'
[2020.01.23-20.44.04:213][  0]LogTemp: Display: Module 'IOSTargetPlatform' loaded TargetPlatform 'IOS'
[2020.01.23-20.44.04:237][  0]LogTemp: Display: Module 'TVOSTargetPlatform' loaded TargetPlatform 'TVOSClient'
[2020.01.23-20.44.04:237][  0]LogTemp: Display: Module 'TVOSTargetPlatform' loaded TargetPlatform 'TVOS'
[2020.01.23-20.44.04:254][  0]LogTemp: Display: Module 'LinuxClientTargetPlatform' loaded TargetPlatform 'LinuxClient'
[2020.01.23-20.44.04:269][  0]LogTemp: Display: Module 'LinuxNoEditorTargetPlatform' loaded TargetPlatform 'LinuxNoEditor'
[2020.01.23-20.44.04:279][  0]LogTemp: Display: Module 'LinuxServerTargetPlatform' loaded TargetPlatform 'LinuxServer'
[2020.01.23-20.44.04:298][  0]LogTemp: Display: Module 'LinuxTargetPlatform' loaded TargetPlatform 'Linux'
[2020.01.23-20.44.04:336][  0]LogTemp: Display: Module 'LuminTargetPlatform' loaded TargetPlatform 'Lumin'
[2020.01.23-20.44.04:337][  0]LogTemp: Display: Module 'LuminTargetPlatform' loaded TargetPlatform 'LuminClient'
[2020.01.23-20.44.04:337][  0]LogTargetPlatformManager: Display: Building Assets For Windows
[2020.01.23-20.44.04:509][  0]LogAudioDebug: Display: Lib vorbis DLL was dynamically loaded.
[2020.01.23-20.44.04:992][  0]LogShaderCompilers: Guid format shader working directory is -18 characters bigger than the processId version (D:/kuba/PGiPW/Programowanie/UNERALTORTURAMENT/Levelel1JakubMucha/Intermediate/Shaders/WorkingDirectory/1048/).
[2020.01.23-20.44.04:992][  0]LogShaderCompilers: Cleaned the shader compiler working directory 'C:/Users/busia/AppData/Local/Temp/UnrealShaderWorkingDir/15D56D2A43A7C8AF6929638969FA2CED/'.
[2020.01.23-20.44.05:002][  0]LogXGEController: Cleaning working directory: C:/Users/busia/AppData/Local/Temp/UnrealXGEWorkingDir/
[2020.01.23-20.44.05:002][  0]LogXGEController: Cannot use XGE Controller as Incredibuild is not installed on this machine.
[2020.01.23-20.44.05:003][  0]LogShaderCompilers: Cannot use XGE Shader Compiler as Incredibuild is not installed on this machine.
[2020.01.23-20.44.05:003][  0]LogShaderCompilers: Display: Using Local Shader Compiler.
[2020.01.23-20.44.06:316][  0]LogDerivedDataCache: Display: Max Cache Size: 512 MB
[2020.01.23-20.44.07:261][  0]LogDerivedDataCache: Loaded boot cache 0.92s 74MB C:/Users/busia/AppData/Local/UnrealEngine/4.23/DerivedDataCache/Boot.ddc.
[2020.01.23-20.44.07:262][  0]LogDerivedDataCache: Display: Loaded Boot cache: C:/Users/busia/AppData/Local/UnrealEngine/4.23/DerivedDataCache/Boot.ddc
[2020.01.23-20.44.07:262][  0]LogDerivedDataCache: FDerivedDataBackendGraph:  Pak pak cache file D:/kuba/PGiPW/Programowanie/UNERALTORTURAMENT/Levelel1JakubMucha/DerivedDataCache/DDC.ddp not found, will not use a pak cache.
[2020.01.23-20.44.07:262][  0]LogDerivedDataCache: Unable to find inner node Pak for hierarchical cache Hierarchy.
[2020.01.23-20.44.07:262][  0]LogDerivedDataCache: FDerivedDataBackendGraph:  CompressedPak pak cache file D:/kuba/PGiPW/Programowanie/UNERALTORTURAMENT/Levelel1JakubMucha/DerivedDataCache/Compressed.ddp not found, will not use a pak cache.
[2020.01.23-20.44.07:262][  0]LogDerivedDataCache: Unable to find inner node CompressedPak for hierarchical cache Hierarchy.
[2020.01.23-20.44.07:297][  0]LogDerivedDataCache: Display: Pak cache opened for reading ../../../Engine/DerivedDataCache/Compressed.ddp.
[2020.01.23-20.44.07:299][  0]LogDerivedDataCache: Display: Pak cache opened for reading ../../../Enterprise/DerivedDataCache/Compressed.ddp.
[2020.01.23-20.44.07:301][  0]LogDerivedDataCache: Using Local data cache path C:/Users/busia/AppData/Local/UnrealEngine/Common/DerivedDataCache: Writable
[2020.01.23-20.44.07:301][  0]LogDerivedDataCache: Shared data cache path not found in *engine.ini, will not use an Shared cache.
[2020.01.23-20.44.07:301][  0]LogDerivedDataCache: Unable to find inner node Shared for hierarchical cache Hierarchy.
[2020.01.23-20.44.07:326][  0]LogMaterial: Verifying Global Shaders for PCD3D_SM5
[2020.01.23-20.44.07:329][  0]LogSlate: Using FreeType 2.6.0
[2020.01.23-20.44.07:370][  0]LogSlate: SlateFontServices - WITH_FREETYPE: 1, WITH_HARFBUZZ: 1
[2020.01.23-20.44.09:054][  0]LogAssetRegistry: FAssetRegistry took 0.0048 seconds to start up
[2020.01.23-20.44.09:466][  0]LogInit: Selected Device Profile: [Windows]
[2020.01.23-20.44.10:161][  0]LogMeshReduction: Using QuadricMeshReduction for automatic static mesh reduction
[2020.01.23-20.44.10:161][  0]LogMeshReduction: Using SimplygonMeshReduction for automatic skeletal mesh reduction
[2020.01.23-20.44.10:161][  0]LogMeshReduction: Using ProxyLODMeshReduction for automatic mesh merging
[2020.01.23-20.44.10:162][  0]LogMeshReduction: No distributed automatic mesh merging module available
[2020.01.23-20.44.10:162][  0]LogMeshMerging: No distributed automatic mesh merging module available
[2020.01.23-20.44.10:365][  0]LogNetVersion: Levelel1JakubMucha 1.0.0, NetCL: 8386587, EngineNetVer: 11, GameNetVer: 0 (Checksum: 791961369)
[2020.01.23-20.44.11:660][  0]LogPackageLocalizationCache: Processed 18 localized package path(s) for 1 prioritized culture(s) in 0.071119 seconds
[2020.01.23-20.44.11:668][  0]LogUObjectArray: 43444 objects as part of root set at end of initial load.
[2020.01.23-20.44.11:668][  0]LogUObjectAllocator: 7548648 out of 0 bytes used by permanent object pool.
[2020.01.23-20.44.11:668][  0]LogUObjectArray: CloseDisregardForGC: 0/0 objects in disregard for GC pool
[2020.01.23-20.44.24:881][  0]LogTcpMessaging: Initializing TcpMessaging bridge
[2020.01.23-20.44.24:898][  0]LogUdpMessaging: Initializing bridge on interface 0.0.0.0:0 to multicast group 230.0.0.1:6666.
[2020.01.23-20.44.25:262][  0]SourceControl: Source control is disabled
[2020.01.23-20.44.25:263][  0]SourceControl: Source control is disabled
[2020.01.23-20.44.25:296][  0]SourceControl: Source control is disabled
[2020.01.23-20.44.25:314][  0]SourceControl: Source control is disabled
[2020.01.23-20.44.27:134][  0]LogAndroidPermission: UAndroidPermissionCallbackProxy::GetInstance
[2020.01.23-20.44.27:509][  0]LogOcInput: OculusInput pre-init called
[2020.01.23-20.44.27:574][  0]LogWindows: Failed to load 'OVRPlugin.dll' (GetLastError=126)
[2020.01.23-20.44.27:574][  0]LogWindows: File 'OVRPlugin.dll' does not exist
[2020.01.23-20.45.10:209][  0]LogEngine: Initializing Engine...
[2020.01.23-20.45.10:211][  0]LogHMD: Failed to initialize OpenVR with code 110
[2020.01.23-20.45.10:226][  0]LogStats: UGameplayTagsManager::InitializeManager -  0.000 s
[2020.01.23-20.45.10:541][  0]LogInit: Initializing FReadOnlyCVARCache
[2020.01.23-20.45.10:641][  0]LogAIModule: Creating AISystem for world Untitled
[2020.01.23-20.45.10:818][  0]LogInit: XAudio2 using 'Głośniki (ESI MAYA44 Audio)' : 2 channels at 48 kHz using 16 bits per sample (channel mask 0x3)
[2020.01.23-20.45.10:855][  0]LogInit: FAudioDevice initialized.
[2020.01.23-20.45.10:856][  0]LogNetVersion: Set ProjectVersion to 1.0.0.0. Version Checksum will be recalculated on next use.
[2020.01.23-20.45.11:094][  0]LogDerivedDataCache: Saved boot cache 0.24s 74MB C:/Users/busia/AppData/Local/UnrealEngine/4.23/DerivedDataCache/Boot.ddc.
[2020.01.23-20.45.11:101][  0]LogInit: Texture streaming: Enabled
[2020.01.23-20.45.11:173][  0]LogEngineSessionManager: EngineSessionManager initialized
[2020.01.23-20.45.11:173][  0]LogEditorSessionSummary: Verbose: Initializing EditorSessionSummaryWriter for editor session tracking
[2020.01.23-20.45.11:174][  0]LogEditorSessionSummary: EditorSessionSummaryWriter initialized
[2020.01.23-20.45.11:344][  0]LogInit: Transaction tracking system initialized
[2020.01.23-20.45.11:676][  0]BlueprintLog: New page: Editor Load
[2020.01.23-20.45.12:218][  0]LocalizationService: Localization service is disabled
[2020.01.23-20.45.13:377][  0]LogFileCache: Scanning file cache for directory 'D:/kuba/PGiPW/Programowanie/UNERALTORTURAMENT/Levelel1JakubMucha/Content/' took 0.00s
[2020.01.23-20.45.13:377][  0]LogCook: Display: Max memory allowance for cook 16384mb min free memory 0mb
[2020.01.23-20.45.13:377][  0]LogCook: Display: Mobile HDR setting 1
[2020.01.23-20.45.18:039][  0]SourceControl: Source control is disabled
[2020.01.23-20.45.18:045][  0]Cmd: MAP LOAD FILE="D:/kuba/PGiPW/Programowanie/UNERALTORTURAMENT/Levelel1JakubMucha/Content/StarterContent/Maps/Minimal_Default.umap" TEMPLATE=0 SHOWPROGRESS=1 FEATURELEVEL=3
[2020.01.23-20.45.18:064][  0]LightingResults: New page: Lighting Build
[2020.01.23-20.45.18:092][  0]LogWorld: UWorld::CleanupWorld for Untitled, bSessionEnded=true, bCleanupResources=true
[2020.01.23-20.45.18:093][  0]MapCheck: New page: Map Check
[2020.01.23-20.45.18:093][  0]LightingResults: New page: Lighting Build
[2020.01.23-20.45.18:135][  0]LogUObjectHash: Compacting FUObjectHashTables data took   2.28ms
[2020.01.23-20.45.18:828][  0]LogAIModule: Creating AISystem for world Minimal_Default
[2020.01.23-20.45.18:831][  0]LogPhysics: Warning: Initialising Body : Scale3D is (nearly) zero: Component: '/Game/StarterContent/Maps/Minimal_Default.Minimal_Default:PersistentLevel.Statue.StaticMeshComponent0' 
[2020.01.23-20.45.18:843][  0]LogPhysics: Warning: Initialising Body : Scale3D is (nearly) zero: Component: '/Game/StarterContent/Maps/Minimal_Default.Minimal_Default:PersistentLevel.Statue3.StaticMeshComponent0' 
[2020.01.23-20.45.18:846][  0]LogEditorServer: Finished looking for orphan Actors (0.000 secs)
[2020.01.23-20.45.18:874][  0]LogUObjectHash: Compacting FUObjectHashTables data took   3.01ms
[2020.01.23-20.45.18:874][  0]Cmd: MAP CHECKDEP NOCLEARLOG
[2020.01.23-20.45.18:875][  0]MapCheck: Map check complete: 0 Error(s), 0 Warning(s), took 0,128ms to complete.
[2020.01.23-20.45.18:875][  0]LogFileHelpers: Loading map 'Minimal_Default' took 0.830
[2020.01.23-20.45.19:275][  0]LogSlate: Updating window title bar state: overlay mode, drag disabled, window buttons hidden, title bar hidden
[2020.01.23-20.45.19:285][  0]LogSlate: Updating window title bar state: overlay mode, drag disabled, window buttons hidden, title bar hidden
[2020.01.23-20.45.19:294][  0]LogSlate: Updating window title bar state: overlay mode, drag disabled, window buttons hidden, title bar hidden
[2020.01.23-20.45.19:303][  0]LogSlate: Updating window title bar state: overlay mode, drag disabled, window buttons hidden, title bar hidden
[2020.01.23-20.45.19:335][  0]LogCollectionManager: Loaded 0 collections in 0.002029 seconds
[2020.01.23-20.45.19:359][  0]LogFileCache: Scanning file cache for directory 'D:/kuba/PGiPW/Programowanie/UNERALTORTURAMENT/Levelel1JakubMucha/Saved/Collections/' took 0.00s
[2020.01.23-20.45.19:359][  0]LogFileCache: Scanning file cache for directory 'D:/kuba/PGiPW/Programowanie/UNERALTORTURAMENT/Levelel1JakubMucha/Content/Developers/JakubJacuzzi/Collections/' took 0.00s
[2020.01.23-20.45.19:359][  0]LogFileCache: Scanning file cache for directory 'D:/kuba/PGiPW/Programowanie/UNERALTORTURAMENT/Levelel1JakubMucha/Content/Collections/' took 0.00s
[2020.01.23-20.45.19:359][  0]LogCollectionManager: Rebuilt the GUID cache for 0 collections in 0.000002 seconds
[2020.01.23-20.45.19:370][  0]LogContentBrowser: Native class hierarchy populated in 0.0108 seconds. Added 3045 classes and 765 folders.
[2020.01.23-20.45.19:408][  0]LogContentBrowser: Native class hierarchy updated for 'WidgetCarousel' in 0.0003 seconds. Added 0 classes and 0 folders.
[2020.01.23-20.45.20:266][  0]LogContentBrowser: Native class hierarchy updated for 'AddContentDialog' in 0.0003 seconds. Added 0 classes and 0 folders.
[2020.01.23-20.45.20:277][  0]LogContentBrowser: Native class hierarchy updated for 'SceneOutliner' in 0.0002 seconds. Added 1 classes and 0 folders.
[2020.01.23-20.45.20:319][  0]LogSlate: Took 0.014932 seconds to synchronously load lazily loaded font '../../../Engine/Content/Slate/Fonts/Roboto-Regular.ttf' (155K)
[2020.01.23-20.45.20:335][  0]LogSlate: Took 0.014134 seconds to synchronously load lazily loaded font '../../../Engine/Content/Slate/Fonts/Roboto-Bold.ttf' (160K)
[2020.01.23-20.45.20:353][  0]LogSlate: Took 0.013911 seconds to synchronously load lazily loaded font '../../../Engine/Content/Editor/Slate/Fonts/FontAwesome.ttf' (139K)
[2020.01.23-20.45.20:484][  0]LogRenderer: Reallocating scene render targets to support 1208x572 Format 9 NumSamples 1 (Frame:1).
[2020.01.23-20.45.20:784][  0]LogContentBrowser: Native class hierarchy updated for 'HierarchicalLODOutliner' in 0.0003 seconds. Added 0 classes and 0 folders.
[2020.01.23-20.45.20:784][  0]LogLoad: (Engine Initialization) Total time: 100.32 seconds
[2020.01.23-20.45.20:784][  0]LogLoad: (Engine Initialization) Total Blueprint compile time: 0.00 seconds
[2020.01.23-20.45.20:851][  0]LogContentStreaming: Texture pool size now 800 MB
[2020.01.23-20.45.21:992][ 16]LogSlate: Took 0.011017 seconds to synchronously load lazily loaded font '../../../Engine/Content/Slate/Fonts/Roboto-Light.ttf' (167K)
[2020.01.23-20.45.22:002][ 16]LogSlate: Took 0.000284 seconds to synchronously load lazily loaded font '../../../Engine/Content/Slate/Fonts/Roboto-Light.ttf' (167K)
[2020.01.23-20.45.22:031][ 17]LogAssetRegistry: Asset discovery search completed in 72.9782 seconds
[2020.01.23-20.45.22:035][ 17]LogCollectionManager: Rebuilt the object cache for 0 collections in 0.000005 seconds (found 0 objects)
[2020.01.23-20.45.22:035][ 17]LogCollectionManager: Fixed up redirectors for 0 collections in 0.000071 seconds (updated 0 objects)
[2020.01.23-20.45.34:178][ 54]LogSlate: FSceneViewport::OnFocusLost() reason 0
[2020.01.23-20.46.12:114][453]LogAIModule: Creating AISystem for world AndrzejTheGame
[2020.01.23-20.46.12:125][453]LogAssetEditorManager: Opening Asset editor for World /Game/StarterContent/Maps/AndrzejTheGame.AndrzejTheGame
[2020.01.23-20.46.12:152][453]LogUObjectHash: Compacting FUObjectHashTables data took   3.17ms
[2020.01.23-20.46.12:154][453]Cmd: MAP LOAD FILE="D:/kuba/PGiPW/Programowanie/UNERALTORTURAMENT/Levelel1JakubMucha/Content/StarterContent/Maps/AndrzejTheGame.umap" TEMPLATE=0 SHOWPROGRESS=1 FEATURELEVEL=3
[2020.01.23-20.46.12:154][453]LightingResults: New page: Lighting Build
[2020.01.23-20.46.12:154][453]LoadErrors: New page: Loading map: AndrzejTheGame.umap
[2020.01.23-20.46.12:155][453]LogWorld: UWorld::CleanupWorld for Minimal_Default, bSessionEnded=true, bCleanupResources=true
[2020.01.23-20.46.12:155][453]MapCheck: New page: Map Check
[2020.01.23-20.46.12:155][453]LightingResults: New page: Lighting Build
[2020.01.23-20.46.12:182][453]LogUObjectHash: Compacting FUObjectHashTables data took   2.67ms
[2020.01.23-20.46.12:185][453]LogEditorServer: Finished looking for orphan Actors (0.000 secs)
[2020.01.23-20.46.12:212][453]LogUObjectHash: Compacting FUObjectHashTables data took   2.13ms
[2020.01.23-20.46.12:226][453]Cmd: MAP CHECKDEP NOCLEARLOG
[2020.01.23-20.46.12:226][453]MapCheck: Map check complete: 0 Error(s), 0 Warning(s), took 0,081ms to complete.
[2020.01.23-20.46.12:226][453]LogFileHelpers: Loading map 'AndrzejTheGame' took 0.074
[2020.01.23-20.46.16:882][  5]LogTemp: Repeating last play command: Selected Viewport
[2020.01.23-20.46.16:890][  5]LogBlueprintUserMessages: Early PlayInEditor Detection: Level '/Game/StarterContent/Maps/AndrzejTheGame.AndrzejTheGame:PersistentLevel' has LevelScriptBlueprint '/Game/StarterContent/Maps/AndrzejTheGame.AndrzejTheGame:PersistentLevel.AndrzejTheGame' with GeneratedClass '/Game/StarterContent/Maps/AndrzejTheGame.AndrzejTheGame_C' with ClassGeneratedBy '/Game/StarterContent/Maps/AndrzejTheGame.AndrzejTheGame:PersistentLevel.AndrzejTheGame'
[2020.01.23-20.46.16:890][  5]LogPlayLevel: PlayLevel: No blueprints needed recompiling
[2020.01.23-20.46.16:890][  5]PIE: New page: PIE session: AndrzejTheGame (23 sty 2020, 22:46:16)
[2020.01.23-20.46.16:892][  5]LogOnline: OSS: Creating online subsystem instance for: NULL
[2020.01.23-20.46.16:893][  5]LogPlayLevel: Creating play world package: /Game/StarterContent/Maps/UEDPIE_0_AndrzejTheGame
[2020.01.23-20.46.16:896][  5]LogPlayLevel: PIE: StaticDuplicateObject took: (0.003515s)
[2020.01.23-20.46.16:897][  5]LogAIModule: Creating AISystem for world AndrzejTheGame
[2020.01.23-20.46.16:898][  5]LogPlayLevel: PIE: World Init took: (0.001243s)
[2020.01.23-20.46.16:898][  5]LogPlayLevel: PIE: Created PIE world by copying editor world from /Game/StarterContent/Maps/AndrzejTheGame.AndrzejTheGame to /Game/StarterContent/Maps/UEDPIE_0_AndrzejTheGame.AndrzejTheGame (0.004982s)
[2020.01.23-20.46.16:922][  5]LogUObjectHash: Compacting FUObjectHashTables data took   1.85ms
[2020.01.23-20.46.17:001][  5]LogInit: XAudio2 using 'Głośniki (ESI MAYA44 Audio)' : 2 channels at 48 kHz using 16 bits per sample (channel mask 0x3)
[2020.01.23-20.46.17:010][  5]LogInit: FAudioDevice initialized.
[2020.01.23-20.46.17:021][  5]LogLoad: Game class is 'GameModeBase'
[2020.01.23-20.46.17:024][  5]LogWorld: Bringing World /Game/StarterContent/Maps/UEDPIE_0_AndrzejTheGame.AndrzejTheGame up for play (max tick rate 0) at 2020.01.23-21.46.17
[2020.01.23-20.46.17:024][  5]LogWorld: Bringing up level for play took: 0.000937
[2020.01.23-20.46.17:024][  5]LogOnline: OSS: Creating online subsystem instance for: :Context_1
[2020.01.23-20.46.17:109][  5]LogContentBrowser: Native class hierarchy updated for 'MovieSceneCapture' in 0.0004 seconds. Added 20 classes and 0 folders.
[2020.01.23-20.46.17:110][  5]PIE: Play in editor start time for /Game/StarterContent/Maps/UEDPIE_0_AndrzejTheGame 0,666
[2020.01.23-20.46.17:110][  5]LogBlueprintUserMessages: Late PlayInEditor Detection: Level '/Game/StarterContent/Maps/AndrzejTheGame.AndrzejTheGame:PersistentLevel' has LevelScriptBlueprint '/Game/StarterContent/Maps/AndrzejTheGame.AndrzejTheGame:PersistentLevel.AndrzejTheGame' with GeneratedClass '/Game/StarterContent/Maps/AndrzejTheGame.AndrzejTheGame_C' with ClassGeneratedBy '/Game/StarterContent/Maps/AndrzejTheGame.AndrzejTheGame:PersistentLevel.AndrzejTheGame'
[2020.01.23-20.46.54:476][482]LogBlueprintUserMessages: Early EndPlayMap Detection: Level '/Game/StarterContent/Maps/AndrzejTheGame.AndrzejTheGame:PersistentLevel' has LevelScriptBlueprint '/Game/StarterContent/Maps/AndrzejTheGame.AndrzejTheGame:PersistentLevel.AndrzejTheGame' with GeneratedClass '/Game/StarterContent/Maps/AndrzejTheGame.AndrzejTheGame_C' with ClassGeneratedBy '/Game/StarterContent/Maps/AndrzejTheGame.AndrzejTheGame:PersistentLevel.AndrzejTheGame'
[2020.01.23-20.46.54:476][482]LogSlate: Updating window title bar state: overlay mode, drag disabled, window buttons hidden, title bar hidden
[2020.01.23-20.46.54:476][482]LogWorld: BeginTearingDown for /Game/StarterContent/Maps/UEDPIE_0_AndrzejTheGame
[2020.01.23-20.46.54:477][482]LogWorld: UWorld::CleanupWorld for AndrzejTheGame, bSessionEnded=true, bCleanupResources=true
[2020.01.23-20.46.54:487][482]LogPlayLevel: Display: Shutting down PIE online subsystems
[2020.01.23-20.46.54:488][482]LogBlueprintUserMessages: Late EndPlayMap Detection: Level '/Game/StarterContent/Maps/AndrzejTheGame.AndrzejTheGame:PersistentLevel' has LevelScriptBlueprint '/Game/StarterContent/Maps/AndrzejTheGame.AndrzejTheGame:PersistentLevel.AndrzejTheGame' with GeneratedClass '/Game/StarterContent/Maps/AndrzejTheGame.AndrzejTheGame_C' with ClassGeneratedBy '/Game/StarterContent/Maps/AndrzejTheGame.AndrzejTheGame:PersistentLevel.AndrzejTheGame'
[2020.01.23-20.46.54:519][482]LogSlate: Updating window title bar state: overlay mode, drag disabled, window buttons hidden, title bar hidden
[2020.01.23-20.46.54:522][482]LogUObjectHash: Compacting FUObjectHashTables data took   2.28ms
[2020.01.23-20.46.54:577][485]LogPlayLevel: Display: Destroying online subsystem :Context_1
[2020.01.23-20.47.03:156][501]LogSlate: FSceneViewport::OnFocusLost() reason 5
[2020.01.23-20.47.19:037][386]LogSlate: Window 'Open Level' being destroyed
[2020.01.23-20.47.20:361][539]LogUObjectHash: Compacting FUObjectHashTables data took   0.85ms
[2020.01.23-20.47.20:400][539]LogSlate: Window 'Levelel1JakubMucha - Unreal Editor' being destroyed
[2020.01.23-20.47.20:401][539]LogWindowsTextInputMethodSystem: Display: IME system now deactivated.
[2020.01.23-20.47.20:504][540]Cmd: QUIT_EDITOR
[2020.01.23-20.47.21:113][540]LogExit: Preparing to exit.
[2020.01.23-20.47.22:030][540]LogDemo: Cleaned up 0 splitscreen connections with owner deletion
[2020.01.23-20.47.22:038][540]LogWorld: UWorld::CleanupWorld for None, bSessionEnded=true, bCleanupResources=true
[2020.01.23-20.47.22:038][540]LogExit: Editor shut down
[2020.01.23-20.47.22:039][540]LogExit: Transaction tracking system shut down
[2020.01.23-20.47.22:358][540]LogExit: Object subsystem successfully closed.
[2020.01.23-20.47.22:380][540]LogShaderCompilers: Display: Shaders left to compile 0
[2020.01.23-20.47.22:397][540]LogModuleManager: Shutting down and abandoning module MovieSceneCapture (732)
[2020.01.23-20.47.22:397][540]LogModuleManager: Shutting down and abandoning module Voice (730)
[2020.01.23-20.47.22:397][540]LogModuleManager: Shutting down and abandoning module HierarchicalLODOutliner (728)
[2020.01.23-20.47.22:397][540]LogModuleManager: Shutting down and abandoning module SceneOutliner (726)
[2020.01.23-20.47.22:397][540]LogModuleManager: Shutting down and abandoning module AddContentDialog (724)
[2020.01.23-20.47.22:397][540]LogModuleManager: Shutting down and abandoning module WidgetCarousel (723)
[2020.01.23-20.47.22:398][540]LogModuleManager: Shutting down and abandoning module EditorWidgets (720)
[2020.01.23-20.47.22:398][540]LogModuleManager: Shutting down and abandoning module CollectionManager (718)
[2020.01.23-20.47.22:398][540]LogModuleManager: Shutting down and abandoning module StatsViewer (716)
[2020.01.23-20.47.22:398][540]LogModuleManager: Shutting down and abandoning module VirtualTexturingEditor (714)
[2020.01.23-20.47.22:398][540]LogModuleManager: Shutting down and abandoning module FoliageEdit (712)
[2020.01.23-20.47.22:398][540]LogModuleManager: Shutting down and abandoning module LandscapeEditor (710)
[2020.01.23-20.47.22:398][540]LogModuleManager: Shutting down and abandoning module MeshPaintMode (708)
[2020.01.23-20.47.22:398][540]LogModuleManager: Shutting down and abandoning module SceneDepthPickerMode (706)
[2020.01.23-20.47.22:398][540]LogModuleManager: Shutting down and abandoning module ActorPickerMode (704)
[2020.01.23-20.47.22:398][540]LogModuleManager: Shutting down and abandoning module GeometryMode (702)
[2020.01.23-20.47.22:398][540]LogModuleManager: Shutting down and abandoning module TextureAlignMode (700)
[2020.01.23-20.47.22:398][540]LogModuleManager: Shutting down and abandoning module BspMode (698)
[2020.01.23-20.47.22:398][540]LogModuleManager: Shutting down and abandoning module PIEPreviewDeviceProfileSelector (696)
[2020.01.23-20.47.22:398][540]LogModuleManager: Shutting down and abandoning module SequenceRecorderSections (694)
[2020.01.23-20.47.22:398][540]LogModuleManager: Shutting down and abandoning module AutomationWorker (692)
[2020.01.23-20.47.22:398][540]LogModuleManager: Shutting down and abandoning module DatasmithFBXImporter (690)
[2020.01.23-20.47.22:398][540]LogModuleManager: Shutting down and abandoning module DatasmithDeltaGenImporter (688)
[2020.01.23-20.47.22:398][540]LogModuleManager: Shutting down and abandoning module DatasmithVREDImporter (686)
[2020.01.23-20.47.22:398][540]LogModuleManager: Shutting down and abandoning module OculusMR (684)
[2020.01.23-20.47.22:398][540]LogModuleManager: Shutting down and abandoning module AudioCaptureEditor (682)
[2020.01.23-20.47.22:398][540]LogModuleManager: Shutting down and abandoning module MatineeToLevelSequence (680)
[2020.01.23-20.47.22:398][540]LogModuleManager: Shutting down and abandoning module LevelSequenceEditor (678)
[2020.01.23-20.47.22:398][540]LogModuleManager: Shutting down and abandoning module PlacementMode (677)
[2020.01.23-20.47.22:398][540]LogModuleManager: Shutting down and abandoning module MaterialEditor (676)
[2020.01.23-20.47.22:398][540]LogModuleManager: Shutting down and abandoning module ActorSequenceEditor (672)
[2020.01.23-20.47.22:398][540]LogModuleManager: Shutting down and abandoning module WmfMediaFactory (670)
[2020.01.23-20.47.22:398][540]LogModuleManager: Shutting down and abandoning module WmfMediaEditor (668)
[2020.01.23-20.47.22:398][540]LogModuleManager: Shutting down and abandoning module WebMMediaFactory (666)
[2020.01.23-20.47.22:399][540]LogModuleManager: Shutting down and abandoning module WebMMediaEditor (664)
[2020.01.23-20.47.22:399][540]LogModuleManager: Shutting down and abandoning module WebMMedia (662)
[2020.01.23-20.47.22:399][540]LogModuleManager: Shutting down and abandoning module MediaPlayerEditor (660)
[2020.01.23-20.47.22:399][540]LogModuleManager: Shutting down and abandoning module MediaCompositingEditor (658)
[2020.01.23-20.47.22:399][540]LogModuleManager: Shutting down and abandoning module SequenceRecorder (657)
[2020.01.23-20.47.22:399][540]LogModuleManager: Shutting down and abandoning module OpenExrWrapper (654)
[2020.01.23-20.47.22:399][540]LogModuleManager: Shutting down and abandoning module ImgMediaFactory (652)
[2020.01.23-20.47.22:399][540]LogModuleManager: Shutting down and abandoning module ImgMediaEditor (650)
[2020.01.23-20.47.22:399][540]LogModuleManager: Shutting down and abandoning module AvfMediaFactory (648)
[2020.01.23-20.47.22:399][540]LogModuleManager: Shutting down and abandoning module AvfMediaEditor (646)
[2020.01.23-20.47.22:399][540]LogModuleManager: Shutting down and abandoning module AndroidMediaFactory (644)
[2020.01.23-20.47.22:399][540]LogModuleManager: Shutting down and abandoning module AndroidMediaEditor (642)
[2020.01.23-20.47.22:399][540]LogModuleManager: Shutting down and abandoning module MagicLeapCameraPreviewFactory (640)
[2020.01.23-20.47.22:399][540]LogModuleManager: Shutting down and abandoning module MagicLeapMediaCodecFactory (638)
[2020.01.23-20.47.22:399][540]LogModuleManager: Shutting down and abandoning module MagicLeapMediaFactory (636)
[2020.01.23-20.47.22:399][540]LogModuleManager: Shutting down and abandoning module MagicLeapMediaEditor (634)
[2020.01.23-20.47.22:399][540]LogModuleManager: Shutting down and abandoning module CharacterAI (632)
[2020.01.23-20.47.22:399][540]LogModuleManager: Shutting down and abandoning module SmartSnapping (630)
[2020.01.23-20.47.22:399][540]LogModuleManager: Shutting down and abandoning module SessionServices (628)
[2020.01.23-20.47.22:399][540]LogModuleManager: Shutting down and abandoning module MeshPaint (626)
[2020.01.23-20.47.22:399][540]LogModuleManager: Shutting down and abandoning module ViewportSnapping (624)
[2020.01.23-20.47.22:399][540]LogModuleManager: Shutting down and abandoning module ViewportInteraction (622)
[2020.01.23-20.47.22:399][540]LogModuleManager: Shutting down and abandoning module ClothPainter (620)
[2020.01.23-20.47.22:399][540]LogModuleManager: Shutting down and abandoning module SkeletalMeshEditor (619)
[2020.01.23-20.47.22:399][540]LogModuleManager: Shutting down and abandoning module LogVisualizer (616)
[2020.01.23-20.47.22:399][540]LogModuleManager: Shutting down and abandoning module IntroTutorials (614)
[2020.01.23-20.47.22:399][540]LogModuleManager: Shutting down and abandoning module GameProjectGeneration (613)
[2020.01.23-20.47.22:399][540]LogModuleManager: Shutting down and abandoning module LuminPlatformEditor (610)
[2020.01.23-20.47.22:399][540]LogModuleManager: Shutting down and abandoning module IOSPlatformEditor (608)
[2020.01.23-20.47.22:399][540]LogModuleManager: Shutting down and abandoning module HTML5PlatformEditor (606)
[2020.01.23-20.47.22:399][540]LogModuleManager: Shutting down and abandoning module AndroidPlatformEditor (604)
[2020.01.23-20.47.22:399][540]LogModuleManager: Shutting down and abandoning module AndroidDeviceDetection (603)
[2020.01.23-20.47.22:588][540]LogModuleManager: Shutting down and abandoning module WindowsPlatformEditor (600)
[2020.01.23-20.47.22:588][540]LogModuleManager: Shutting down and abandoning module LuminRuntimeSettings (598)
[2020.01.23-20.47.22:588][540]LogModuleManager: Shutting down and abandoning module IOSRuntimeSettings (596)
[2020.01.23-20.47.22:588][540]LogModuleManager: Shutting down and abandoning module AndroidRuntimeSettings (594)
[2020.01.23-20.47.22:588][540]LogModuleManager: Shutting down and abandoning module TimeManagementEditor (592)
[2020.01.23-20.47.22:588][540]LogModuleManager: Shutting down and abandoning module InputBindingEditor (590)
[2020.01.23-20.47.22:588][540]LogModuleManager: Shutting down and abandoning module MergeActors (588)
[2020.01.23-20.47.22:588][540]LogModuleManager: Shutting down and abandoning module LocalizationDashboard (586)
[2020.01.23-20.47.22:588][540]LogModuleManager: Shutting down and abandoning module LocalizationService (585)
[2020.01.23-20.47.22:588][540]LogModuleManager: Shutting down and abandoning module HardwareTargeting (582)
[2020.01.23-20.47.22:588][540]LogModuleManager: Shutting down and abandoning module DeviceProfileEditor (580)
[2020.01.23-20.47.22:588][540]LogModuleManager: Shutting down and abandoning module UndoHistory (578)
[2020.01.23-20.47.22:588][540]LogModuleManager: Shutting down and abandoning module XmlParser (576)
[2020.01.23-20.47.22:588][540]LogModuleManager: Shutting down and abandoning module Blutility (574)
[2020.01.23-20.47.22:588][540]LogModuleManager: Shutting down and abandoning module ProjectSettingsViewer (572)
[2020.01.23-20.47.22:588][540]LogModuleManager: Shutting down and abandoning module ProjectTargetPlatformEditor (571)
[2020.01.23-20.47.22:588][540]LogModuleManager: Shutting down and abandoning module EditorSettingsViewer (568)
[2020.01.23-20.47.22:588][540]LogModuleManager: Shutting down and abandoning module SettingsEditor (566)
[2020.01.23-20.47.22:588][540]LogModuleManager: Shutting down and abandoning module ProjectLauncher (564)
[2020.01.23-20.47.22:588][540]LogModuleManager: Shutting down and abandoning module SessionFrontend (562)
[2020.01.23-20.47.22:588][540]LogModuleManager: Shutting down and abandoning module ProfilerClient (560)
[2020.01.23-20.47.22:588][540]LogModuleManager: Shutting down and abandoning module DeviceManager (558)
[2020.01.23-20.47.22:588][540]LogModuleManager: Shutting down and abandoning module TargetDeviceServices (557)
[2020.01.23-20.47.22:643][540]LogModuleManager: Shutting down and abandoning module AutomationController (554)
[2020.01.23-20.47.22:643][540]LogModuleManager: Shutting down and abandoning module AutomationWindow (552)
[2020.01.23-20.47.22:643][540]LogModuleManager: Shutting down and abandoning module Layers (550)
[2020.01.23-20.47.22:643][540]LogModuleManager: Shutting down and abandoning module ComponentVisualizers (548)
[2020.01.23-20.47.22:643][540]LogModuleManager: Shutting down and abandoning module DetailCustomizations (546)
[2020.01.23-20.47.22:643][540]LogModuleManager: Shutting down and abandoning module PackagesDialog (544)
[2020.01.23-20.47.22:643][540]LogModuleManager: Shutting down and abandoning module AnimationBlueprintEditor (542)
[2020.01.23-20.47.22:643][540]LogModuleManager: Shutting down and abandoning module Persona (540)
[2020.01.23-20.47.22:643][540]LogModuleManager: Shutting down and abandoning module AnimGraph (539)
[2020.01.23-20.47.22:643][540]LogModuleManager: Shutting down and abandoning module Kismet (536)
[2020.01.23-20.47.22:643][540]LogModuleManager: Shutting down and abandoning module KismetWidgets (535)
[2020.01.23-20.47.22:643][540]LogModuleManager: Shutting down and abandoning module GraphEditor (532)
[2020.01.23-20.47.22:643][540]LogModuleManager: Shutting down and abandoning module StructViewer (530)
[2020.01.23-20.47.22:643][540]LogModuleManager: Shutting down and abandoning module ClassViewer (528)
[2020.01.23-20.47.22:643][540]LogModuleManager: Shutting down and abandoning module Toolbox (526)
[2020.01.23-20.47.22:643][540]LogModuleManager: Shutting down and abandoning module ModuleUI (524)
[2020.01.23-20.47.22:643][540]LogModuleManager: Shutting down and abandoning module MovieSceneTools (522)
[2020.01.23-20.47.22:644][540]LogModuleManager: Shutting down and abandoning module OutputLog (520)
[2020.01.23-20.47.22:644][540]LogModuleManager: Shutting down and abandoning module GammaUI (518)
[2020.01.23-20.47.22:644][540]LogModuleManager: Shutting down and abandoning module Documentation (516)
[2020.01.23-20.47.22:644][540]LogModuleManager: Shutting down and abandoning module LiveCoding (514)
[2020.01.23-20.47.22:644][540]LogModuleManager: Shutting down and abandoning module LevelSequence (512)
[2020.01.23-20.47.22:644][540]LogModuleManager: Shutting down and abandoning module MovieSceneTracks (510)
[2020.01.23-20.47.22:644][540]LogModuleManager: Shutting down and abandoning module MovieScene (508)
[2020.01.23-20.47.22:644][540]LogModuleManager: Shutting down and abandoning module StreamingPauseRendering (506)
[2020.01.23-20.47.22:644][540]LogModuleManager: Shutting down and abandoning module LauncherPlatform (504)
[2020.01.23-20.47.22:644][540]LogModuleManager: Shutting down and abandoning module AnalyticsET (502)
[2020.01.23-20.47.22:644][540]LogModuleManager: Shutting down and abandoning module PortalServices (500)
[2020.01.23-20.47.22:644][540]LogModuleManager: Shutting down and abandoning module PortalRpc (498)
[2020.01.23-20.47.22:644][540]LogModuleManager: Shutting down and abandoning module MessagingRpc (496)
[2020.01.23-20.47.22:644][540]LogModuleManager: Shutting down and abandoning module AIModule (494)
[2020.01.23-20.47.22:644][540]LogModuleManager: Shutting down and abandoning module GameplayDebugger (493)
[2020.01.23-20.47.22:644][540]LogModuleManager: Shutting down and abandoning module AITestSuite (491)
[2020.01.23-20.47.22:644][540]LogModuleManager: Shutting down and abandoning module NavigationSystem (489)
[2020.01.23-20.47.22:644][540]LogModuleManager: Shutting down and abandoning module DesktopPlatform (486)
[2020.01.23-20.47.22:644][540]LogModuleManager: Shutting down and abandoning module ImageWriteQueue (484)
[2020.01.23-20.47.22:647][540]LogModuleManager: Shutting down and abandoning module ProfilerService (482)
[2020.01.23-20.47.22:806][540]LogModuleManager: Shutting down and abandoning module TaskGraph (480)
[2020.01.23-20.47.22:806][540]LogModuleManager: Shutting down and abandoning module DatasmithCADTranslator (478)
[2020.01.23-20.47.22:806][540]LogModuleManager: Shutting down and abandoning module DatasmithC4DImporter (476)
[2020.01.23-20.47.22:806][540]LogModuleManager: Shutting down and abandoning module VariantManager (474)
[2020.01.23-20.47.22:806][540]LogModuleManager: Shutting down and abandoning module StaticMeshEditorExtension (472)
[2020.01.23-20.47.22:806][540]LogModuleManager: Shutting down and abandoning module MeshProcessingLibrary (471)
[2020.01.23-20.47.22:806][540]LogModuleManager: Shutting down and abandoning module MDLImporter (468)
[2020.01.23-20.47.22:806][540]LogModuleManager: Shutting down and abandoning module DatasmithCoreTechExtension (466)
[2020.01.23-20.47.22:806][540]LogModuleManager: Shutting down and abandoning module StaticMeshEditor (465)
[2020.01.23-20.47.22:806][540]LogModuleManager: Shutting down and abandoning module AdvancedPreviewScene (464)
[2020.01.23-20.47.22:806][540]LogModuleManager: Shutting down and abandoning module DatasmithOpenNurbsTranslator (460)
[2020.01.23-20.47.22:806][540]LogModuleManager: Shutting down and abandoning module DatasmithNativeTranslator (458)
[2020.01.23-20.47.22:806][540]LogModuleManager: Shutting down and abandoning module DatasmithIFCImporter (456)
[2020.01.23-20.47.22:806][540]LogModuleManager: Shutting down and abandoning module DatasmithGLTFImporter (454)
[2020.01.23-20.47.22:806][540]LogModuleManager: Shutting down and abandoning module DatasmithImporter (453)
[2020.01.23-20.47.22:806][540]LogModuleManager: Shutting down and abandoning module ScreenshotTools (450)
[2020.01.23-20.47.22:806][540]LogModuleManager: Shutting down and abandoning module SteamVRController (448)
[2020.01.23-20.47.22:806][540]LogModuleManager: Shutting down and abandoning module ProceduralMeshComponentEditor (446)
[2020.01.23-20.47.22:806][540]LogModuleManager: Shutting down and abandoning module ProceduralMeshComponent (444)
[2020.01.23-20.47.22:806][540]LogModuleManager: Shutting down and abandoning module OculusEditor (442)
[2020.01.23-20.47.22:806][540]LogModuleManager: Shutting down and abandoning module OculusInput (440)
[2020.01.23-20.47.22:806][540]LogModuleManager: Shutting down and abandoning module MobilePatchingUtils (438)
[2020.01.23-20.47.22:806][540]LogModuleManager: Shutting down and abandoning module EditableMesh (436)
[2020.01.23-20.47.22:806][540]LogModuleManager: Shutting down and abandoning module CustomMeshComponent (434)
[2020.01.23-20.47.22:806][540]LogModuleManager: Shutting down and abandoning module CableComponent (432)
[2020.01.23-20.47.22:807][540]LogModuleManager: Shutting down and abandoning module AudioCapture (430)
[2020.01.23-20.47.22:807][540]LogModuleManager: Shutting down and abandoning module ArchVisCharacter (428)
[2020.01.23-20.47.22:807][540]LogModuleManager: Shutting down and abandoning module AppleImageUtilsBlueprintSupport (426)
[2020.01.23-20.47.22:807][540]LogModuleManager: Shutting down and abandoning module AppleImageUtils (424)
[2020.01.23-20.47.22:807][540]LogModuleManager: Shutting down and abandoning module AndroidPermission (422)
[2020.01.23-20.47.22:807][540]LogModuleManager: Shutting down and abandoning module NUTUnrealEngine4 (420)
[2020.01.23-20.47.22:807][540]LogModuleManager: Shutting down and abandoning module NetcodeUnitTest (418)
[2020.01.23-20.47.22:807][540]LogModuleManager: Shutting down and abandoning module MediaCompositing (416)
[2020.01.23-20.47.22:807][540]LogModuleManager: Shutting down and abandoning module ImgMedia (414)
[2020.01.23-20.47.22:807][540]LogModuleManager: Shutting down and abandoning module MagicLeapHelperVulkan (412)
[2020.01.23-20.47.22:807][540]LogModuleManager: Shutting down and abandoning module MagicLeapHelperOpenGL (410)
[2020.01.23-20.47.22:807][540]LogModuleManager: Shutting down and abandoning module MagicLeapAudio (408)
[2020.01.23-20.47.22:807][540]LogModuleManager: Shutting down and abandoning module HTML5Networking (406)
[2020.01.23-20.47.22:807][540]LogModuleManager: Shutting down and abandoning module GeometryCollectionTracks (404)
[2020.01.23-20.47.22:807][540]LogModuleManager: Shutting down and abandoning module GeometryCollectionSequencer (403)
[2020.01.23-20.47.22:807][540]LogModuleManager: Shutting down and abandoning module GeometryCollectionEditor (400)
[2020.01.23-20.47.22:807][540]LogModuleManager: Shutting down and abandoning module GeometryCollectionExampleCore (398)
[2020.01.23-20.47.22:807][540]LogModuleManager: Shutting down and abandoning module GeometryCacheTracks (396)
[2020.01.23-20.47.22:807][540]LogModuleManager: Shutting down and abandoning module GeometryCacheSequencer (394)
[2020.01.23-20.47.22:807][540]LogModuleManager: Shutting down and abandoning module DataprepLibraries (392)
[2020.01.23-20.47.22:807][540]LogModuleManager: Shutting down and abandoning module DataprepCore (390)
[2020.01.23-20.47.22:807][540]LogModuleManager: Shutting down and abandoning module DataprepEditor (388)
[2020.01.23-20.47.22:807][540]LogModuleManager: Shutting down and abandoning module ChaosSolverEditor (386)
[2020.01.23-20.47.22:807][540]LogModuleManager: Shutting down and abandoning module BlastCore (384)
[2020.01.23-20.47.22:807][540]LogModuleManager: Shutting down and abandoning module BlastAuthoring (382)
[2020.01.23-20.47.22:807][540]LogModuleManager: Shutting down and abandoning module BackChannel (380)
[2020.01.23-20.47.22:807][540]LogModuleManager: Shutting down and abandoning module AutomationUtilsEditor (378)
[2020.01.23-20.47.22:807][540]LogModuleManager: Shutting down and abandoning module AutomationUtils (376)
[2020.01.23-20.47.22:807][540]LogModuleManager: Shutting down and abandoning module AlembicImporter (374)
[2020.01.23-20.47.22:807][540]LogModuleManager: Shutting down and abandoning module AlembicLibrary (373)
[2020.01.23-20.47.22:807][540]LogModuleManager: Shutting down and abandoning module GeometryCache (372)
[2020.01.23-20.47.22:807][540]LogModuleManager: Shutting down and abandoning module GeometryCacheEd (371)
[2020.01.23-20.47.22:807][540]LogModuleManager: Shutting down and abandoning module VariantManagerContent (366)
[2020.01.23-20.47.22:807][540]LogModuleManager: Shutting down and abandoning module DatasmithContentEditor (364)
[2020.01.23-20.47.22:807][540]LogModuleManager: Shutting down and abandoning module SpeedTreeImporter (362)
[2020.01.23-20.47.22:807][540]LogModuleManager: Shutting down and abandoning module PluginBrowser (360)
[2020.01.23-20.47.22:807][540]LogModuleManager: Shutting down and abandoning module MobileLauncherProfileWizard (358)
[2020.01.23-20.47.22:807][540]LogModuleManager: Shutting down and abandoning module PolygonModeling (356)
[2020.01.23-20.47.22:808][540]LogModuleManager: Shutting down and abandoning module MeshEditor (354)
[2020.01.23-20.47.22:808][540]LogModuleManager: Shutting down and abandoning module MaterialAnalyzer (352)
[2020.01.23-20.47.22:808][540]LogModuleManager: Shutting down and abandoning module GLTFImporter (350)
[2020.01.23-20.47.22:808][540]LogModuleManager: Shutting down and abandoning module EditorScriptingUtilities (348)
[2020.01.23-20.47.22:808][540]LogModuleManager: Shutting down and abandoning module CurveEditorTools (346)
[2020.01.23-20.47.22:808][540]LogModuleManager: Shutting down and abandoning module CurveEditor (345)
[2020.01.23-20.47.22:808][540]LogModuleManager: Shutting down and abandoning module CryptoKeysOpenSSL (342)
[2020.01.23-20.47.22:808][540]LogModuleManager: Shutting down and abandoning module CryptoKeys (340)
[2020.01.23-20.47.22:808][540]LogModuleManager: Shutting down and abandoning module VisualStudioSourceCodeAccess (338)
[2020.01.23-20.47.22:808][540]LogModuleManager: Shutting down and abandoning module VisualStudioCodeSourceCodeAccess (336)
[2020.01.23-20.47.22:808][540]LogModuleManager: Shutting down and abandoning module UObjectPlugin (334)
[2020.01.23-20.47.22:808][540]LogModuleManager: Shutting down and abandoning module SubversionSourceControl (332)
[2020.01.23-20.47.22:808][540]LogModuleManager: Shutting down and abandoning module PerforceSourceControl (330)
[2020.01.23-20.47.22:808][540]LogModuleManager: Shutting down and abandoning module GitSourceControl (328)
[2020.01.23-20.47.22:808][540]LogModuleManager: Shutting down and abandoning module SourceControl (327)
[2020.01.23-20.47.22:808][540]LogModuleManager: Shutting down and abandoning module CLionSourceCodeAccess (324)
[2020.01.23-20.47.22:808][540]LogModuleManager: Shutting down and abandoning module AnimationSharingEd (322)
[2020.01.23-20.47.22:808][540]LogModuleManager: Shutting down and abandoning module ActorLayerUtilitiesEditor (320)
[2020.01.23-20.47.22:808][540]LogModuleManager: Shutting down and abandoning module ActorLayerUtilities (318)
[2020.01.23-20.47.22:808][540]LogModuleManager: Shutting down and abandoning module LightPropagationVolumeEditor (316)
[2020.01.23-20.47.22:808][540]LogModuleManager: Shutting down and abandoning module PaperTiledImporter (314)
[2020.01.23-20.47.22:808][540]LogModuleManager: Shutting down and abandoning module PaperSpriteSheetImporter (312)
[2020.01.23-20.47.22:808][540]LogModuleManager: Shutting down and abandoning module Paper2DEditor (310)
[2020.01.23-20.47.22:808][540]LogModuleManager: Shutting down and abandoning module SignificanceManager (308)
[2020.01.23-20.47.22:808][540]LogModuleManager: Shutting down and abandoning module RuntimePhysXCooking (306)
[2020.01.23-20.47.22:808][540]LogModuleManager: Shutting down and abandoning module PhysXVehiclesEditor (304)
[2020.01.23-20.47.22:808][540]LogModuleManager: Shutting down and abandoning module LocationServicesBPLibrary (300)
[2020.01.23-20.47.22:808][540]LogModuleManager: Shutting down and abandoning module ActorSequence (298)
[2020.01.23-20.47.22:808][540]LogModuleManager: Shutting down and abandoning module UdpMessaging (296)
[2020.01.23-20.47.22:910][540]LogModuleManager: Shutting down and abandoning module TcpMessaging (294)
[2020.01.23-20.47.23:011][540]LogModuleManager: Shutting down and abandoning module MagicLeapIdentity (292)
[2020.01.23-20.47.23:011][540]LogModuleManager: Shutting down and abandoning module MagicLeapSecureStorage (290)
[2020.01.23-20.47.23:011][540]LogModuleManager: Shutting down and abandoning module MagicLeapHandTracking (288)
[2020.01.23-20.47.23:011][540]LogModuleManager: Shutting down and abandoning module MagicLeapEyeTracker (286)
[2020.01.23-20.47.23:011][540]LogModuleManager: Shutting down and abandoning module MagicLeapController (284)
[2020.01.23-20.47.23:011][540]LogSlate: Slate User Destroyed.  User Index 0, Is Virtual User: 0
[2020.01.23-20.47.23:011][540]LogModuleManager: Shutting down and abandoning module MagicLeapAR (282)
[2020.01.23-20.47.23:011][540]LogModuleManager: Shutting down and abandoning module AugmentedReality (281)
[2020.01.23-20.47.23:011][540]LogModuleManager: Shutting down and abandoning module GameplayTagsEditor (278)
[2020.01.23-20.47.23:011][540]LogModuleManager: Shutting down and abandoning module FacialAnimationEditor (276)
[2020.01.23-20.47.23:011][540]LogModuleManager: Shutting down and abandoning module FacialAnimation (274)
[2020.01.23-20.47.23:011][540]LogModuleManager: Shutting down and abandoning module DataValidation (272)
[2020.01.23-20.47.23:011][540]LogModuleManager: Shutting down and abandoning module AssetManagerEditor (270)
[2020.01.23-20.47.23:012][540]LogModuleManager: Shutting down and abandoning module LevelEditor (269)
[2020.01.23-20.47.23:013][540]LogModuleManager: Shutting down and abandoning module PixelInspectorModule (268)
[2020.01.23-20.47.23:013][540]LogModuleManager: Shutting down and abandoning module CommonMenuExtensions (266)
[2020.01.23-20.47.23:013][540]LogModuleManager: Shutting down and abandoning module MainFrame (264)
[2020.01.23-20.47.23:013][540]LogModuleManager: Shutting down and abandoning module HotReload (263)
[2020.01.23-20.47.23:014][540]LogModuleManager: Shutting down and abandoning module ContentBrowser (259)
[2020.01.23-20.47.23:016][540]LogModuleManager: Shutting down and abandoning module TreeMap (257)
[2020.01.23-20.47.23:016][540]LogModuleManager: Shutting down and abandoning module AnimationSharing (254)
[2020.01.23-20.47.23:016][540]LogModuleManager: Shutting down and abandoning module LightPropagationVolumeRuntime (252)
[2020.01.23-20.47.23:016][540]LogModuleManager: Shutting down and abandoning module Paper2D (250)
[2020.01.23-20.47.23:016][540]LogModuleManager: Shutting down and abandoning module WindowsMoviePlayer (248)
[2020.01.23-20.47.23:021][540]LogModuleManager: Shutting down and abandoning module WebMMoviePlayer (246)
[2020.01.23-20.47.23:021][540]LogModuleManager: Shutting down and abandoning module NetworkReplayStreaming (244)
[2020.01.23-20.47.23:021][540]LogModuleManager: Shutting down and abandoning module PacketHandler (242)
[2020.01.23-20.47.23:021][540]LogModuleManager: Shutting down and abandoning module ClothingSystemEditor (240)
[2020.01.23-20.47.23:021][540]LogModuleManager: Shutting down and abandoning module ClothingSystemRuntime (238)
[2020.01.23-20.47.23:021][540]LogModuleManager: Shutting down and abandoning module MediaAssets (236)
[2020.01.23-20.47.23:021][540]LogModuleManager: Shutting down and abandoning module Overlay (234)
[2020.01.23-20.47.23:021][540]LogModuleManager: Shutting down and abandoning module OverlayEditor (233)
[2020.01.23-20.47.23:022][540]LogModuleManager: Shutting down and abandoning module VREditor (230)
[2020.01.23-20.47.23:022][540]LogModuleManager: Shutting down and abandoning module StringTableEditor (228)
[2020.01.23-20.47.23:022][540]LogModuleManager: Shutting down and abandoning module GameplayTasksEditor (226)
[2020.01.23-20.47.23:022][540]LogModuleManager: Shutting down and abandoning module BehaviorTreeEditor (224)
[2020.01.23-20.47.23:022][540]LogModuleManager: Shutting down and abandoning module FunctionalTesting (222)
[2020.01.23-20.47.23:022][540]LogModuleManager: Shutting down and abandoning module CollisionAnalyzer (220)
[2020.01.23-20.47.23:022][540]LogModuleManager: Shutting down and abandoning module WorkspaceMenuStructure (219)
[2020.01.23-20.47.23:022][540]LogModuleManager: Shutting down and abandoning module UMG (216)
[2020.01.23-20.47.23:022][540]LogModuleManager: Shutting down and abandoning module UMGEditor (215)
[2020.01.23-20.47.23:022][540]LogModuleManager: Shutting down and abandoning module Sequencer (214)
[2020.01.23-20.47.23:022][540]LogModuleManager: Shutting down and abandoning module MessageLog (211)
[2020.01.23-20.47.23:022][540]LogModuleManager: Shutting down and abandoning module SlateReflector (206)
[2020.01.23-20.47.23:022][540]LogModuleManager: Shutting down and abandoning module Slate (204)
[2020.01.23-20.47.23:022][540]LogModuleManager: Shutting down and abandoning module LandscapeEditorUtilities (202)
[2020.01.23-20.47.23:022][540]LogModuleManager: Shutting down and abandoning module EditorStyle (200)
[2020.01.23-20.47.23:025][540]LogModuleManager: Shutting down and abandoning module UnrealEd (198)
[2020.01.23-20.47.23:025][540]LogModuleManager: Shutting down and abandoning module MRMesh (196)
[2020.01.23-20.47.23:025][540]LogModuleManager: Shutting down and abandoning module SourceCodeAccess (194)
[2020.01.23-20.47.23:025][540]LogModuleManager: Shutting down and abandoning module HeadMountedDisplay (192)
[2020.01.23-20.47.23:025][540]LogModuleManager: Shutting down and abandoning module XAudio2 (190)
[2020.01.23-20.47.23:025][540]LogModuleManager: Shutting down and abandoning module Networking (188)
[2020.01.23-20.47.23:025][540]LogModuleManager: Shutting down and abandoning module Core (186)
[2020.01.23-20.47.23:025][540]LogModuleManager: Shutting down and abandoning module KismetCompiler (184)
[2020.01.23-20.47.23:025][540]LogModuleManager: Shutting down and abandoning module MeshUtilities (182)
[2020.01.23-20.47.23:026][540]LogModuleManager: Shutting down and abandoning module MeshMergeUtilities (181)
[2020.01.23-20.47.23:026][540]LogModuleManager: Shutting down and abandoning module MeshReductionInterface (180)
[2020.01.23-20.47.23:026][540]LogModuleManager: Shutting down and abandoning module SkeletalMeshReduction (179)
[2020.01.23-20.47.23:026][540]LogModuleManager: Shutting down and abandoning module ProxyLODMeshReduction (177)
[2020.01.23-20.47.23:026][540]LogModuleManager: Shutting down and abandoning module QuadricMeshReduction (175)
[2020.01.23-20.47.23:026][540]LogModuleManager: Shutting down and abandoning module MaterialBaking (171)
[2020.01.23-20.47.23:026][540]LogModuleManager: Shutting down and abandoning module NullInstallBundleManager (166)
[2020.01.23-20.47.23:026][540]LogModuleManager: Shutting down and abandoning module DerivedDataCache (164)
[2020.01.23-20.47.23:041][540]LogDerivedDataCache: Shutdown
[2020.01.23-20.47.23:041][540]LogModuleManager: Shutting down and abandoning module XGEController (162)
[2020.01.23-20.47.23:041][540]LogXGEController: Cleaning working directory: C:/Users/busia/AppData/Local/Temp/UnrealXGEWorkingDir/
[2020.01.23-20.47.23:042][540]LogModuleManager: Shutting down and abandoning module TargetPlatform (160)
[2020.01.23-20.47.23:042][540]LogModuleManager: Shutting down and abandoning module VulkanShaderFormat (159)
[2020.01.23-20.47.23:042][540]LogModuleManager: Shutting down and abandoning module ShaderFormatVectorVM (157)
[2020.01.23-20.47.23:042][540]LogModuleManager: Shutting down and abandoning module ShaderFormatOpenGL (155)
[2020.01.23-20.47.23:042][540]LogModuleManager: Shutting down and abandoning module ShaderFormatD3D (153)
[2020.01.23-20.47.23:042][540]LogModuleManager: Shutting down and abandoning module MetalShaderFormat (151)
[2020.01.23-20.47.23:042][540]LogModuleManager: Shutting down and abandoning module TextureFormatUncompressed (149)
[2020.01.23-20.47.23:042][540]LogModuleManager: Shutting down and abandoning module TextureFormatPVR (147)
[2020.01.23-20.47.23:042][540]LogModuleManager: Shutting down and abandoning module TextureFormatDXT (145)
[2020.01.23-20.47.23:042][540]LogModuleManager: Shutting down and abandoning module TextureFormatIntelISPCTexComp (143)
[2020.01.23-20.47.23:042][540]LogModuleManager: Shutting down and abandoning module TextureFormatASTC (141)
[2020.01.23-20.47.23:042][540]LogModuleManager: Shutting down and abandoning module ImageWrapper (140)
[2020.01.23-20.47.23:042][540]LogModuleManager: Shutting down and abandoning module TextureFormatAndroid (137)
[2020.01.23-20.47.23:042][540]LogModuleManager: Shutting down and abandoning module AudioFormatOpus (135)
[2020.01.23-20.47.23:042][540]LogModuleManager: Shutting down and abandoning module AudioFormatOgg (133)
[2020.01.23-20.47.23:042][540]LogModuleManager: Shutting down and abandoning module AudioFormatADPCM (131)
[2020.01.23-20.47.23:042][540]LogModuleManager: Shutting down and abandoning module LuminTargetPlatform (129)
[2020.01.23-20.47.23:044][540]LogModuleManager: Shutting down and abandoning module LinuxTargetPlatform (127)
[2020.01.23-20.47.23:044][540]LogModuleManager: Shutting down and abandoning module LinuxServerTargetPlatform (125)
[2020.01.23-20.47.23:044][540]LogModuleManager: Shutting down and abandoning module LinuxNoEditorTargetPlatform (123)
[2020.01.23-20.47.23:044][540]LogModuleManager: Shutting down and abandoning module LinuxClientTargetPlatform (121)
[2020.01.23-20.47.23:044][540]LogModuleManager: Shutting down and abandoning module TVOSTargetPlatform (119)
[2020.01.23-20.47.23:045][540]LogModuleManager: Shutting down and abandoning module Messaging (117)
[2020.01.23-20.47.23:046][540]LogModuleManager: Shutting down and abandoning module IOSTargetPlatform (115)
[2020.01.23-20.47.23:047][540]LogModuleManager: Shutting down and abandoning module HTML5TargetPlatform (113)
[2020.01.23-20.47.23:047][540]LogModuleManager: Shutting down and abandoning module AndroidTargetPlatform (111)
[2020.01.23-20.47.23:057][540]LogModuleManager: Shutting down and abandoning module WindowsTargetPlatform (109)
[2020.01.23-20.47.23:058][540]LogModuleManager: Shutting down and abandoning module WindowsServerTargetPlatform (107)
[2020.01.23-20.47.23:058][540]LogModuleManager: Shutting down and abandoning module WindowsNoEditorTargetPlatform (105)
[2020.01.23-20.47.23:058][540]LogModuleManager: Shutting down and abandoning module WindowsClientTargetPlatform (103)
[2020.01.23-20.47.23:058][540]LogModuleManager: Shutting down and abandoning module MacTargetPlatform (101)
[2020.01.23-20.47.23:058][540]LogModuleManager: Shutting down and abandoning module MacServerTargetPlatform (99)
[2020.01.23-20.47.23:058][540]LogModuleManager: Shutting down and abandoning module MacNoEditorTargetPlatform (97)
[2020.01.23-20.47.23:058][540]LogModuleManager: Shutting down and abandoning module MacClientTargetPlatform (95)
[2020.01.23-20.47.23:058][540]LogModuleManager: Shutting down and abandoning module AllDesktopTargetPlatform (93)
[2020.01.23-20.47.23:058][540]LogModuleManager: Shutting down and abandoning module InputCore (90)
[2020.01.23-20.47.23:058][540]LogModuleManager: Shutting down and abandoning module Settings (88)
[2020.01.23-20.47.23:058][540]LogModuleManager: Shutting down and abandoning module DirectoryWatcher (86)
[2020.01.23-20.47.23:058][540]LogModuleManager: Shutting down and abandoning module PhysXCooking (84)
[2020.01.23-20.47.23:058][540]LogModuleManager: Shutting down and abandoning module WindowsPlatformFeatures (82)
[2020.01.23-20.47.23:058][540]LogModuleManager: Shutting down and abandoning module GameplayMediaEncoder (81)
[2020.01.23-20.47.23:058][540]LogModuleManager: Shutting down and abandoning module SteamVR (78)
[2020.01.23-20.47.23:058][540]LogHMD: Freeing OpenVRDLLHandle.
[2020.01.23-20.47.23:058][540]LogModuleManager: Shutting down and abandoning module OculusHMD (76)
[2020.01.23-20.47.23:058][540]LogModuleManager: Shutting down and abandoning module ExampleDeviceProfileSelector (74)
[2020.01.23-20.47.23:059][540]LogModuleManager: Shutting down and abandoning module LauncherChunkInstaller (72)
[2020.01.23-20.47.23:059][540]LogModuleManager: Shutting down and abandoning module OnlineBlueprintSupport (70)
[2020.01.23-20.47.23:059][540]LogModuleManager: Shutting down and abandoning module OnlineSubsystem (66)
[2020.01.23-20.47.23:060][540]LogModuleManager: Shutting down and abandoning module XMPP (61)
[2020.01.23-20.47.23:060][540]LogModuleManager: Shutting down and abandoning module WebSockets (60)
[2020.01.23-20.47.23:080][540]LogModuleManager: Shutting down and abandoning module HTTP (57)
[2020.01.23-20.47.23:080][540]LogHttp: Display: Http module shutting down, but needs to wait on 1 outstanding Http requests:
[2020.01.23-20.47.23:080][540]LogHttp: Display: 	verb=[POST] url=[https://datarouter.ol.epicgames.com/datarouter/api/v1/public/data?SessionID=%7B08683E19-4FA7-C0B4-AA59-609360AA0BE9%7D&AppID=UEEditor.Rocket.Release&AppVersion=4.23.1-9631420%2B%2B%2BUE4%2BRelease-4.23&UserID=4bf41188431394868bab09bee1410b59%7C2836a16dde4342d4a161d26a9e68034d%7C021f3c7e-30e1-4655-8edf-3058de6f5fc4&AppEnvironment=datacollector-binary&UploadType=eteventstream] status=Processing
[2020.01.23-20.47.23:086][540]LogModuleManager: Shutting down and abandoning module SSL (56)
[2020.01.23-20.47.23:088][540]LogModuleManager: Shutting down and abandoning module WmfMedia (52)
[2020.01.23-20.47.23:091][540]LogModuleManager: Shutting down and abandoning module Media (51)
[2020.01.23-20.47.23:092][540]LogModuleManager: Shutting down and abandoning module MagicLeap (48)
[2020.01.23-20.47.23:092][540]LogModuleManager: Shutting down and abandoning module DatasmithContent (46)
[2020.01.23-20.47.23:092][540]LogModuleManager: Shutting down and abandoning module AISupportModule (44)
[2020.01.23-20.47.23:093][540]LogModuleManager: Shutting down and abandoning module PlatformCryptoOpenSSL (42)
[2020.01.23-20.47.23:093][540]LogModuleManager: Shutting down and abandoning module PlatformCrypto (40)
[2020.01.23-20.47.23:093][540]LogModuleManager: Shutting down and abandoning module AnimationModifiers (38)
[2020.01.23-20.47.23:093][540]LogModuleManager: Shutting down and abandoning module PropertyEditor (37)
[2020.01.23-20.47.23:093][540]LogModuleManager: Shutting down and abandoning module AudioEditor (34)
[2020.01.23-20.47.23:093][540]LogModuleManager: Shutting down and abandoning module TextureCompressor (32)
[2020.01.23-20.47.23:093][540]LogModuleManager: Shutting down and abandoning module RenderCore (30)
[2020.01.23-20.47.23:093][540]LogModuleManager: Shutting down and abandoning module Landscape (28)
[2020.01.23-20.47.23:093][540]LogModuleManager: Shutting down and abandoning module SlateRHIRenderer (26)
[2020.01.23-20.47.23:095][540]LogModuleManager: Shutting down and abandoning module OpenGLDrv (24)
[2020.01.23-20.47.23:095][540]LogModuleManager: Shutting down and abandoning module D3D11RHI (22)
[2020.01.23-20.47.23:095][540]LogModuleManager: Shutting down and abandoning module AnimGraphRuntime (20)
[2020.01.23-20.47.23:095][540]LogModuleManager: Shutting down and abandoning module Renderer (18)
[2020.01.23-20.47.23:095][540]LogModuleManager: Shutting down and abandoning module Engine (16)
[2020.01.23-20.47.23:096][540]LogModuleManager: Shutting down and abandoning module CoreUObject (14)
[2020.01.23-20.47.23:096][540]LogModuleManager: Shutting down and abandoning module NetworkFile (12)
[2020.01.23-20.47.23:096][540]LogModuleManager: Shutting down and abandoning module CookedIterativeFile (10)
[2020.01.23-20.47.23:096][540]LogModuleManager: Shutting down and abandoning module StreamingFile (8)
[2020.01.23-20.47.23:096][540]LogModuleManager: Shutting down and abandoning module SandboxFile (6)
[2020.01.23-20.47.23:096][540]LogModuleManager: Shutting down and abandoning module PakFile (4)
[2020.01.23-20.47.23:096][540]LogModuleManager: Shutting down and abandoning module RSA (3)
[2020.01.23-20.47.23:096][540]LogD3D11RHI: Shutdown
[2020.01.23-20.47.23:096][540]LogD3D11RHI: CleanupD3DDevice
[2020.01.23-20.47.23:097][540]LogRendererCore: FGlobalDynamicReadBuffer::Cleanup()
[2020.01.23-20.47.23:097][540]LogRendererCore: FGlobalDynamicReadBuffer::Cleanup()
[2020.01.23-20.47.23:097][540]LogRendererCore: FGlobalDynamicReadBuffer::Cleanup()
[2020.01.23-20.47.23:189][540]LogD3D11RHI: ~FD3D11DynamicRHI
[2020.01.23-20.47.23:195][540]LogExit: Exiting.
[2020.01.23-20.47.23:232][540]Log file closed, 01/23/20 21:47:23
